[1.000s] DEBUG:colcon:Command line arguments: ['/usr/bin/colcon', 'build']
[1.000s] DEBUG:colcon:Parsed command line arguments: Namespace(allow_overriding=[], ament_cmake_args=None, base_paths=['.'], build_base='build', catkin_cmake_args=None, catkin_skip_building_tests=False, cmake_args=None, cmake_clean_cache=False, cmake_clean_first=False, cmake_force_configure=False, cmake_target=None, cmake_target_skip_unavailable=False, continue_on_error=False, event_handlers=None, executor='parallel', ignore_user_meta=False, install_base='install', log_base=None, log_level=None, main=<bound method BuildVerb.main of <colcon_core.verb.build.BuildVerb object at 0x7fd5c7ac5f70>>, merge_install=False, metas=['./colcon.meta'], packages_above=None, packages_above_and_dependencies=None, packages_above_depth=None, packages_end=None, packages_ignore=None, packages_ignore_regex=None, packages_select=None, packages_select_build_failed=False, packages_select_by_dep=None, packages_select_regex=None, packages_select_test_failures=False, packages_skip=None, packages_skip_build_finished=False, packages_skip_by_dep=None, packages_skip_regex=None, packages_skip_test_passed=False, packages_skip_up_to=None, packages_start=None, packages_up_to=None, packages_up_to_regex=None, parallel_workers=8, paths=None, symlink_install=False, test_result_base=None, verb_extension=<colcon_core.verb.build.BuildVerb object at 0x7fd5c7ac5f70>, verb_name='build', verb_parser=<colcon_defaults.argument_parser.defaults.DefaultArgumentsDecorator object at 0x7fd5c7779730>)
[1.048s] Level 1:colcon.colcon_core.package_discovery:discover_packages(colcon_meta) check parameters
[1.048s] Level 1:colcon.colcon_core.package_discovery:discover_packages(recursive) check parameters
[1.048s] Level 1:colcon.colcon_core.package_discovery:discover_packages(ignore) check parameters
[1.048s] Level 1:colcon.colcon_core.package_discovery:discover_packages(path) check parameters
[1.048s] Level 1:colcon.colcon_core.package_discovery:discover_packages(colcon_meta) discover
[1.048s] Level 1:colcon.colcon_core.package_discovery:discover_packages(recursive) discover
[1.048s] INFO:colcon.colcon_core.package_discovery:Crawling recursively for packages in '/home/zhang/ros2_ws'
[1.048s] Level 1:colcon.colcon_core.package_identification:_identify(.) by extensions ['ignore', 'ignore_ament_install']
[1.048s] Level 1:colcon.colcon_core.package_identification:_identify(.) by extension 'ignore'
[1.048s] Level 1:colcon.colcon_core.package_identification:_identify(.) by extension 'ignore_ament_install'
[1.048s] Level 1:colcon.colcon_core.package_identification:_identify(.) by extensions ['colcon_pkg']
[1.048s] Level 1:colcon.colcon_core.package_identification:_identify(.) by extension 'colcon_pkg'
[1.048s] Level 1:colcon.colcon_core.package_identification:_identify(.) by extensions ['colcon_meta']
[1.048s] Level 1:colcon.colcon_core.package_identification:_identify(.) by extension 'colcon_meta'
[1.048s] Level 1:colcon.colcon_core.package_identification:_identify(.) by extensions ['ros']
[1.048s] Level 1:colcon.colcon_core.package_identification:_identify(.) by extension 'ros'
[1.054s] Level 1:colcon.colcon_core.package_identification:_identify(.) by extensions ['cmake', 'python']
[1.054s] Level 1:colcon.colcon_core.package_identification:_identify(.) by extension 'cmake'
[1.055s] Level 1:colcon.colcon_core.package_identification:_identify(.) by extension 'python'
[1.055s] Level 1:colcon.colcon_core.package_identification:_identify(.) by extensions ['python_setup_py']
[1.055s] Level 1:colcon.colcon_core.package_identification:_identify(.) by extension 'python_setup_py'
[1.055s] Level 1:colcon.colcon_core.package_identification:_identify(build) by extensions ['ignore', 'ignore_ament_install']
[1.055s] Level 1:colcon.colcon_core.package_identification:_identify(build) by extension 'ignore'
[1.055s] Level 1:colcon.colcon_core.package_identification:_identify(build) ignored
[1.055s] Level 1:colcon.colcon_core.package_identification:_identify(install) by extensions ['ignore', 'ignore_ament_install']
[1.055s] Level 1:colcon.colcon_core.package_identification:_identify(install) by extension 'ignore'
[1.055s] Level 1:colcon.colcon_core.package_identification:_identify(install) ignored
[1.055s] Level 1:colcon.colcon_core.package_identification:_identify(log) by extensions ['ignore', 'ignore_ament_install']
[1.055s] Level 1:colcon.colcon_core.package_identification:_identify(log) by extension 'ignore'
[1.055s] Level 1:colcon.colcon_core.package_identification:_identify(log) ignored
[1.055s] Level 1:colcon.colcon_core.package_identification:_identify(src) by extensions ['ignore', 'ignore_ament_install']
[1.055s] Level 1:colcon.colcon_core.package_identification:_identify(src) by extension 'ignore'
[1.055s] Level 1:colcon.colcon_core.package_identification:_identify(src) by extension 'ignore_ament_install'
[1.055s] Level 1:colcon.colcon_core.package_identification:_identify(src) by extensions ['colcon_pkg']
[1.055s] Level 1:colcon.colcon_core.package_identification:_identify(src) by extension 'colcon_pkg'
[1.055s] Level 1:colcon.colcon_core.package_identification:_identify(src) by extensions ['colcon_meta']
[1.055s] Level 1:colcon.colcon_core.package_identification:_identify(src) by extension 'colcon_meta'
[1.055s] Level 1:colcon.colcon_core.package_identification:_identify(src) by extensions ['ros']
[1.055s] Level 1:colcon.colcon_core.package_identification:_identify(src) by extension 'ros'
[1.055s] Level 1:colcon.colcon_core.package_identification:_identify(src) by extensions ['cmake', 'python']
[1.055s] Level 1:colcon.colcon_core.package_identification:_identify(src) by extension 'cmake'
[1.055s] Level 1:colcon.colcon_core.package_identification:_identify(src) by extension 'python'
[1.055s] Level 1:colcon.colcon_core.package_identification:_identify(src) by extensions ['python_setup_py']
[1.055s] Level 1:colcon.colcon_core.package_identification:_identify(src) by extension 'python_setup_py'
[1.055s] Level 1:colcon.colcon_core.package_identification:_identify(src/mypkg) by extensions ['ignore', 'ignore_ament_install']
[1.056s] Level 1:colcon.colcon_core.package_identification:_identify(src/mypkg) by extension 'ignore'
[1.056s] Level 1:colcon.colcon_core.package_identification:_identify(src/mypkg) by extension 'ignore_ament_install'
[1.056s] Level 1:colcon.colcon_core.package_identification:_identify(src/mypkg) by extensions ['colcon_pkg']
[1.056s] Level 1:colcon.colcon_core.package_identification:_identify(src/mypkg) by extension 'colcon_pkg'
[1.056s] Level 1:colcon.colcon_core.package_identification:_identify(src/mypkg) by extensions ['colcon_meta']
[1.056s] Level 1:colcon.colcon_core.package_identification:_identify(src/mypkg) by extension 'colcon_meta'
[1.056s] Level 1:colcon.colcon_core.package_identification:_identify(src/mypkg) by extensions ['ros']
[1.056s] Level 1:colcon.colcon_core.package_identification:_identify(src/mypkg) by extension 'ros'
[1.057s] DEBUG:colcon.colcon_core.package_identification:Package 'src/mypkg' with type 'ros.ament_python' and name 'mypkg'
[1.057s] Level 1:colcon.colcon_core.package_identification:_identify(src/person_msgs) by extensions ['ignore', 'ignore_ament_install']
[1.057s] Level 1:colcon.colcon_core.package_identification:_identify(src/person_msgs) by extension 'ignore'
[1.057s] Level 1:colcon.colcon_core.package_identification:_identify(src/person_msgs) by extension 'ignore_ament_install'
[1.057s] Level 1:colcon.colcon_core.package_identification:_identify(src/person_msgs) by extensions ['colcon_pkg']
[1.057s] Level 1:colcon.colcon_core.package_identification:_identify(src/person_msgs) by extension 'colcon_pkg'
[1.057s] Level 1:colcon.colcon_core.package_identification:_identify(src/person_msgs) by extensions ['colcon_meta']
[1.057s] Level 1:colcon.colcon_core.package_identification:_identify(src/person_msgs) by extension 'colcon_meta'
[1.057s] Level 1:colcon.colcon_core.package_identification:_identify(src/person_msgs) by extensions ['ros']
[1.057s] Level 1:colcon.colcon_core.package_identification:_identify(src/person_msgs) by extension 'ros'
[1.058s] DEBUG:colcon.colcon_core.package_identification:Package 'src/person_msgs' with type 'ros.ament_cmake' and name 'person_msgs'
[1.058s] Level 1:colcon.colcon_core.package_discovery:discover_packages(recursive) using defaults
[1.058s] Level 1:colcon.colcon_core.package_discovery:discover_packages(ignore) discover
[1.058s] Level 1:colcon.colcon_core.package_discovery:discover_packages(ignore) using defaults
[1.058s] Level 1:colcon.colcon_core.package_discovery:discover_packages(path) discover
[1.058s] Level 1:colcon.colcon_core.package_discovery:discover_packages(path) using defaults
[1.147s] Level 1:colcon.colcon_core.package_discovery:discover_packages(prefix_path) check parameters
[1.147s] Level 1:colcon.colcon_core.package_discovery:discover_packages(prefix_path) discover
[1.180s] DEBUG:colcon.colcon_installed_package_information.package_discovery:Found 2 installed packages in /home/zhang/ros2_ws/install
[1.196s] DEBUG:colcon.colcon_installed_package_information.package_discovery:Found 256 installed packages in /opt/ros/foxy
[1.197s] Level 1:colcon.colcon_core.package_discovery:discover_packages(prefix_path) using defaults
[1.278s] Level 5:colcon.colcon_core.verb:set package 'mypkg' build argument 'cmake_args' from command line to 'None'
[1.278s] Level 5:colcon.colcon_core.verb:set package 'mypkg' build argument 'cmake_target' from command line to 'None'
[1.278s] Level 5:colcon.colcon_core.verb:set package 'mypkg' build argument 'cmake_target_skip_unavailable' from command line to 'False'
[1.278s] Level 5:colcon.colcon_core.verb:set package 'mypkg' build argument 'cmake_clean_cache' from command line to 'False'
[1.278s] Level 5:colcon.colcon_core.verb:set package 'mypkg' build argument 'cmake_clean_first' from command line to 'False'
[1.278s] Level 5:colcon.colcon_core.verb:set package 'mypkg' build argument 'cmake_force_configure' from command line to 'False'
[1.278s] Level 5:colcon.colcon_core.verb:set package 'mypkg' build argument 'ament_cmake_args' from command line to 'None'
[1.278s] Level 5:colcon.colcon_core.verb:set package 'mypkg' build argument 'catkin_cmake_args' from command line to 'None'
[1.278s] Level 5:colcon.colcon_core.verb:set package 'mypkg' build argument 'catkin_skip_building_tests' from command line to 'False'
[1.278s] DEBUG:colcon.colcon_core.verb:Building package 'mypkg' with the following arguments: {'ament_cmake_args': None, 'build_base': '/home/zhang/ros2_ws/build/mypkg', 'catkin_cmake_args': None, 'catkin_skip_building_tests': False, 'cmake_args': None, 'cmake_clean_cache': False, 'cmake_clean_first': False, 'cmake_force_configure': False, 'cmake_target': None, 'cmake_target_skip_unavailable': False, 'install_base': '/home/zhang/ros2_ws/install/mypkg', 'merge_install': False, 'path': '/home/zhang/ros2_ws/src/mypkg', 'symlink_install': False, 'test_result_base': None}
[1.294s] Level 5:colcon.colcon_core.verb:set package 'person_msgs' build argument 'cmake_args' from command line to 'None'
[1.294s] Level 5:colcon.colcon_core.verb:set package 'person_msgs' build argument 'cmake_target' from command line to 'None'
[1.294s] Level 5:colcon.colcon_core.verb:set package 'person_msgs' build argument 'cmake_target_skip_unavailable' from command line to 'False'
[1.294s] Level 5:colcon.colcon_core.verb:set package 'person_msgs' build argument 'cmake_clean_cache' from command line to 'False'
[1.294s] Level 5:colcon.colcon_core.verb:set package 'person_msgs' build argument 'cmake_clean_first' from command line to 'False'
[1.294s] Level 5:colcon.colcon_core.verb:set package 'person_msgs' build argument 'cmake_force_configure' from command line to 'False'
[1.294s] Level 5:colcon.colcon_core.verb:set package 'person_msgs' build argument 'ament_cmake_args' from command line to 'None'
[1.294s] Level 5:colcon.colcon_core.verb:set package 'person_msgs' build argument 'catkin_cmake_args' from command line to 'None'
[1.294s] Level 5:colcon.colcon_core.verb:set package 'person_msgs' build argument 'catkin_skip_building_tests' from command line to 'False'
[1.294s] DEBUG:colcon.colcon_core.verb:Building package 'person_msgs' with the following arguments: {'ament_cmake_args': None, 'build_base': '/home/zhang/ros2_ws/build/person_msgs', 'catkin_cmake_args': None, 'catkin_skip_building_tests': False, 'cmake_args': None, 'cmake_clean_cache': False, 'cmake_clean_first': False, 'cmake_force_configure': False, 'cmake_target': None, 'cmake_target_skip_unavailable': False, 'install_base': '/home/zhang/ros2_ws/install/person_msgs', 'merge_install': False, 'path': '/home/zhang/ros2_ws/src/person_msgs', 'symlink_install': False, 'test_result_base': None}
[1.310s] INFO:colcon.colcon_core.executor:Executing jobs using 'parallel' executor
[1.326s] DEBUG:colcon.colcon_parallel_executor.executor.parallel:run_until_complete
[1.326s] INFO:colcon.colcon_ros.task.ament_python.build:Building ROS package in '/home/zhang/ros2_ws/src/mypkg' with build type 'ament_python'
[1.326s] Level 1:colcon.colcon_core.shell:create_environment_hook('mypkg', 'ament_prefix_path')
[1.343s] INFO:colcon.colcon_core.plugin_system:Skipping extension 'colcon_core.shell.bat': Not used on non-Windows systems
[1.343s] INFO:colcon.colcon_core.shell:Creating environment hook '/home/zhang/ros2_ws/install/mypkg/share/mypkg/hook/ament_prefix_path.ps1'
[1.343s] INFO:colcon.colcon_core.shell:Creating environment descriptor '/home/zhang/ros2_ws/install/mypkg/share/mypkg/hook/ament_prefix_path.dsv'
[1.344s] INFO:colcon.colcon_core.shell:Creating environment hook '/home/zhang/ros2_ws/install/mypkg/share/mypkg/hook/ament_prefix_path.sh'
[1.361s] INFO:colcon.colcon_core.shell:Skip shell extension 'powershell' for command environment: Not usable outside of PowerShell
[1.361s] DEBUG:colcon.colcon_core.shell:Skip shell extension 'dsv' for command environment
[1.413s] INFO:colcon.colcon_ros.task.ament_cmake.build:Building ROS package in '/home/zhang/ros2_ws/src/person_msgs' with build type 'ament_cmake'
[1.414s] INFO:colcon.colcon_cmake.task.cmake.build:Building CMake package in '/home/zhang/ros2_ws/src/person_msgs'
[1.434s] INFO:colcon.colcon_core.shell:Skip shell extension 'powershell' for command environment: Not usable outside of PowerShell
[1.434s] DEBUG:colcon.colcon_core.shell:Skip shell extension 'dsv' for command environment
[1.601s] INFO:colcon.colcon_core.task.python.build:Building Python package in '/home/zhang/ros2_ws/src/mypkg'
[1.619s] INFO:colcon.colcon_core.shell:Skip shell extension 'powershell' for command environment: Not usable outside of PowerShell
[1.619s] DEBUG:colcon.colcon_core.shell:Skip shell extension 'dsv' for command environment
[1.676s] DEBUG:colcon.colcon_core.event_handler.log_command:Invoking command in '/home/zhang/ros2_ws/build/person_msgs': CMAKE_PREFIX_PATH=/home/zhang/ros2_ws/install/mypkg:/opt/ros/foxy /usr/bin/cmake /home/zhang/ros2_ws/src/person_msgs -DCMAKE_INSTALL_PREFIX=/home/zhang/ros2_ws/install/person_msgs
[1.909s] DEBUG:colcon.colcon_core.event_handler.log_command:Invoking command in '/home/zhang/ros2_ws/src/mypkg': PYTHONPATH=/home/zhang/ros2_ws/build/mypkg/prefix_override:/home/zhang/ros2_ws/install/mypkg/lib/python3.8/site-packages:${PYTHONPATH} /usr/bin/python3 setup.py egg_info --egg-base ../../build/mypkg build --build-base /home/zhang/ros2_ws/build/mypkg/build install --record /home/zhang/ros2_ws/build/mypkg/install.log --install-scripts $base/lib/mypkg --single-version-externally-managed
[2.096s] DEBUG:colcon.colcon_core.event_handler.log_command:Invoked command in '/home/zhang/ros2_ws/src/mypkg' returned '0': PYTHONPATH=/home/zhang/ros2_ws/build/mypkg/prefix_override:/home/zhang/ros2_ws/install/mypkg/lib/python3.8/site-packages:${PYTHONPATH} /usr/bin/python3 setup.py egg_info --egg-base ../../build/mypkg build --build-base /home/zhang/ros2_ws/build/mypkg/build install --record /home/zhang/ros2_ws/build/mypkg/install.log --install-scripts $base/lib/mypkg --single-version-externally-managed
[2.118s] Level 1:colcon.colcon_core.environment:checking '/home/zhang/ros2_ws/install/mypkg' for CMake module files
[2.119s] Level 1:colcon.colcon_core.environment:checking '/home/zhang/ros2_ws/install/mypkg' for CMake config files
[2.119s] Level 1:colcon.colcon_core.environment:checking '/home/zhang/ros2_ws/install/mypkg/lib'
[2.119s] Level 1:colcon.colcon_core.environment:checking '/home/zhang/ros2_ws/install/mypkg/bin'
[2.119s] Level 1:colcon.colcon_core.environment:checking '/home/zhang/ros2_ws/install/mypkg/lib/pkgconfig/mypkg.pc'
[2.119s] Level 1:colcon.colcon_core.environment:checking '/home/zhang/ros2_ws/install/mypkg/lib/python3.8/site-packages'
[2.120s] Level 1:colcon.colcon_core.shell:create_environment_hook('mypkg', 'pythonpath')
[2.140s] INFO:colcon.colcon_core.shell:Creating environment hook '/home/zhang/ros2_ws/install/mypkg/share/mypkg/hook/pythonpath.ps1'
[2.140s] INFO:colcon.colcon_core.shell:Creating environment descriptor '/home/zhang/ros2_ws/install/mypkg/share/mypkg/hook/pythonpath.dsv'
[2.140s] INFO:colcon.colcon_core.shell:Creating environment hook '/home/zhang/ros2_ws/install/mypkg/share/mypkg/hook/pythonpath.sh'
[2.140s] Level 1:colcon.colcon_core.environment:checking '/home/zhang/ros2_ws/install/mypkg/bin'
[2.141s] Level 1:colcon.colcon_core.environment:create_environment_scripts_only(mypkg)
[2.160s] INFO:colcon.colcon_core.shell:Creating package script '/home/zhang/ros2_ws/install/mypkg/share/mypkg/package.ps1'
[2.160s] INFO:colcon.colcon_core.shell:Creating package descriptor '/home/zhang/ros2_ws/install/mypkg/share/mypkg/package.dsv'
[2.161s] INFO:colcon.colcon_core.shell:Creating package script '/home/zhang/ros2_ws/install/mypkg/share/mypkg/package.sh'
[2.161s] INFO:colcon.colcon_core.shell:Creating package script '/home/zhang/ros2_ws/install/mypkg/share/mypkg/package.bash'
[2.161s] INFO:colcon.colcon_core.shell:Creating package script '/home/zhang/ros2_ws/install/mypkg/share/mypkg/package.zsh'
[2.162s] Level 1:colcon.colcon_core.environment:create_file_with_runtime_dependencies(/home/zhang/ros2_ws/install/mypkg/share/colcon-core/packages/mypkg)
[4.766s] DEBUG:colcon.colcon_core.event_handler.log_command:Invoked command in '/home/zhang/ros2_ws/build/person_msgs' returned '0': CMAKE_PREFIX_PATH=/home/zhang/ros2_ws/install/mypkg:/opt/ros/foxy /usr/bin/cmake /home/zhang/ros2_ws/src/person_msgs -DCMAKE_INSTALL_PREFIX=/home/zhang/ros2_ws/install/person_msgs
[4.768s] DEBUG:colcon.colcon_core.event_handler.log_command:Invoking command in '/home/zhang/ros2_ws/build/person_msgs': CMAKE_PREFIX_PATH=/home/zhang/ros2_ws/install/mypkg:/opt/ros/foxy /usr/bin/cmake --build /home/zhang/ros2_ws/build/person_msgs -- -j8 -l8
[6.592s] DEBUG:colcon.colcon_core.event_handler.log_command:Invoked command in '/home/zhang/ros2_ws/build/person_msgs' returned '0': CMAKE_PREFIX_PATH=/home/zhang/ros2_ws/install/mypkg:/opt/ros/foxy /usr/bin/cmake --build /home/zhang/ros2_ws/build/person_msgs -- -j8 -l8
[6.637s] DEBUG:colcon.colcon_core.event_handler.log_command:Invoking command in '/home/zhang/ros2_ws/build/person_msgs': CMAKE_PREFIX_PATH=/home/zhang/ros2_ws/install/mypkg:/opt/ros/foxy /usr/bin/cmake --install /home/zhang/ros2_ws/build/person_msgs
[6.675s] Level 1:colcon.colcon_core.environment:create_environment_scripts_only(person_msgs)
[6.676s] DEBUG:colcon.colcon_core.event_handler.log_command:Invoked command in '/home/zhang/ros2_ws/build/person_msgs' returned '0': CMAKE_PREFIX_PATH=/home/zhang/ros2_ws/install/mypkg:/opt/ros/foxy /usr/bin/cmake --install /home/zhang/ros2_ws/build/person_msgs
[6.694s] Level 1:colcon.colcon_core.environment:checking '/home/zhang/ros2_ws/install/person_msgs' for CMake module files
[6.694s] Level 1:colcon.colcon_core.environment:checking '/home/zhang/ros2_ws/install/person_msgs' for CMake config files
[6.694s] Level 1:colcon.colcon_core.shell:create_environment_hook('person_msgs', 'cmake_prefix_path')
[6.711s] INFO:colcon.colcon_core.shell:Creating environment hook '/home/zhang/ros2_ws/install/person_msgs/share/person_msgs/hook/cmake_prefix_path.ps1'
[6.711s] INFO:colcon.colcon_core.shell:Creating environment descriptor '/home/zhang/ros2_ws/install/person_msgs/share/person_msgs/hook/cmake_prefix_path.dsv'
[6.712s] INFO:colcon.colcon_core.shell:Creating environment hook '/home/zhang/ros2_ws/install/person_msgs/share/person_msgs/hook/cmake_prefix_path.sh'
[6.712s] Level 1:colcon.colcon_core.environment:checking '/home/zhang/ros2_ws/install/person_msgs/lib'
[6.712s] Level 1:colcon.colcon_core.shell:create_environment_hook('person_msgs', 'ld_library_path_lib')
[6.728s] INFO:colcon.colcon_core.shell:Creating environment hook '/home/zhang/ros2_ws/install/person_msgs/share/person_msgs/hook/ld_library_path_lib.ps1'
[6.728s] INFO:colcon.colcon_core.shell:Creating environment descriptor '/home/zhang/ros2_ws/install/person_msgs/share/person_msgs/hook/ld_library_path_lib.dsv'
[6.728s] INFO:colcon.colcon_core.shell:Creating environment hook '/home/zhang/ros2_ws/install/person_msgs/share/person_msgs/hook/ld_library_path_lib.sh'
[6.728s] Level 1:colcon.colcon_core.environment:checking '/home/zhang/ros2_ws/install/person_msgs/bin'
[6.728s] Level 1:colcon.colcon_core.environment:checking '/home/zhang/ros2_ws/install/person_msgs/lib/pkgconfig/person_msgs.pc'
[6.728s] Level 1:colcon.colcon_core.environment:checking '/home/zhang/ros2_ws/install/person_msgs/lib/python3.8/site-packages'
[6.728s] Level 1:colcon.colcon_core.shell:create_environment_hook('person_msgs', 'pythonpath')
[6.745s] INFO:colcon.colcon_core.shell:Creating environment hook '/home/zhang/ros2_ws/install/person_msgs/share/person_msgs/hook/pythonpath.ps1'
[6.745s] INFO:colcon.colcon_core.shell:Creating environment descriptor '/home/zhang/ros2_ws/install/person_msgs/share/person_msgs/hook/pythonpath.dsv'
[6.745s] INFO:colcon.colcon_core.shell:Creating environment hook '/home/zhang/ros2_ws/install/person_msgs/share/person_msgs/hook/pythonpath.sh'
[6.746s] Level 1:colcon.colcon_core.environment:checking '/home/zhang/ros2_ws/install/person_msgs/bin'
[6.762s] INFO:colcon.colcon_core.shell:Creating package script '/home/zhang/ros2_ws/install/person_msgs/share/person_msgs/package.ps1'
[6.762s] INFO:colcon.colcon_core.shell:Creating package descriptor '/home/zhang/ros2_ws/install/person_msgs/share/person_msgs/package.dsv'
[6.762s] INFO:colcon.colcon_core.shell:Creating package script '/home/zhang/ros2_ws/install/person_msgs/share/person_msgs/package.sh'
[6.763s] INFO:colcon.colcon_core.shell:Creating package script '/home/zhang/ros2_ws/install/person_msgs/share/person_msgs/package.bash'
[6.763s] INFO:colcon.colcon_core.shell:Creating package script '/home/zhang/ros2_ws/install/person_msgs/share/person_msgs/package.zsh'
[6.763s] Level 1:colcon.colcon_core.environment:create_file_with_runtime_dependencies(/home/zhang/ros2_ws/install/person_msgs/share/colcon-core/packages/person_msgs)
[6.814s] Level 1:colcon.colcon_core.environment:create_environment_scripts_only(person_msgs)
[6.830s] Level 1:colcon.colcon_core.environment:checking '/home/zhang/ros2_ws/install/person_msgs' for CMake module files
[6.831s] Level 1:colcon.colcon_core.environment:checking '/home/zhang/ros2_ws/install/person_msgs' for CMake config files
[6.831s] Level 1:colcon.colcon_core.shell:create_environment_hook('person_msgs', 'cmake_prefix_path')
[6.849s] INFO:colcon.colcon_core.shell:Creating environment hook '/home/zhang/ros2_ws/install/person_msgs/share/person_msgs/hook/cmake_prefix_path.ps1'
[6.850s] INFO:colcon.colcon_core.shell:Creating environment descriptor '/home/zhang/ros2_ws/install/person_msgs/share/person_msgs/hook/cmake_prefix_path.dsv'
[6.850s] INFO:colcon.colcon_core.shell:Creating environment hook '/home/zhang/ros2_ws/install/person_msgs/share/person_msgs/hook/cmake_prefix_path.sh'
[6.850s] Level 1:colcon.colcon_core.environment:checking '/home/zhang/ros2_ws/install/person_msgs/lib'
[6.850s] Level 1:colcon.colcon_core.shell:create_environment_hook('person_msgs', 'ld_library_path_lib')
[6.867s] INFO:colcon.colcon_core.shell:Creating environment hook '/home/zhang/ros2_ws/install/person_msgs/share/person_msgs/hook/ld_library_path_lib.ps1'
[6.867s] INFO:colcon.colcon_core.shell:Creating environment descriptor '/home/zhang/ros2_ws/install/person_msgs/share/person_msgs/hook/ld_library_path_lib.dsv'
[6.867s] INFO:colcon.colcon_core.shell:Creating environment hook '/home/zhang/ros2_ws/install/person_msgs/share/person_msgs/hook/ld_library_path_lib.sh'
[6.867s] Level 1:colcon.colcon_core.environment:checking '/home/zhang/ros2_ws/install/person_msgs/bin'
[6.867s] Level 1:colcon.colcon_core.environment:checking '/home/zhang/ros2_ws/install/person_msgs/lib/pkgconfig/person_msgs.pc'
[6.868s] Level 1:colcon.colcon_core.environment:checking '/home/zhang/ros2_ws/install/person_msgs/lib/python3.8/site-packages'
[6.868s] Level 1:colcon.colcon_core.shell:create_environment_hook('person_msgs', 'pythonpath')
[6.885s] INFO:colcon.colcon_core.shell:Creating environment hook '/home/zhang/ros2_ws/install/person_msgs/share/person_msgs/hook/pythonpath.ps1'
[6.885s] INFO:colcon.colcon_core.shell:Creating environment descriptor '/home/zhang/ros2_ws/install/person_msgs/share/person_msgs/hook/pythonpath.dsv'
[6.885s] INFO:colcon.colcon_core.shell:Creating environment hook '/home/zhang/ros2_ws/install/person_msgs/share/person_msgs/hook/pythonpath.sh'
[6.885s] Level 1:colcon.colcon_core.environment:checking '/home/zhang/ros2_ws/install/person_msgs/bin'
[6.902s] INFO:colcon.colcon_core.shell:Creating package script '/home/zhang/ros2_ws/install/person_msgs/share/person_msgs/package.ps1'
[6.903s] INFO:colcon.colcon_core.shell:Creating package descriptor '/home/zhang/ros2_ws/install/person_msgs/share/person_msgs/package.dsv'
[6.903s] INFO:colcon.colcon_core.shell:Creating package script '/home/zhang/ros2_ws/install/person_msgs/share/person_msgs/package.sh'
[6.903s] INFO:colcon.colcon_core.shell:Creating package script '/home/zhang/ros2_ws/install/person_msgs/share/person_msgs/package.bash'
[6.904s] INFO:colcon.colcon_core.shell:Creating package script '/home/zhang/ros2_ws/install/person_msgs/share/person_msgs/package.zsh'
[6.904s] Level 1:colcon.colcon_core.environment:create_file_with_runtime_dependencies(/home/zhang/ros2_ws/install/person_msgs/share/colcon-core/packages/person_msgs)
[6.904s] DEBUG:colcon.colcon_parallel_executor.executor.parallel:closing loop
[6.905s] DEBUG:colcon.colcon_parallel_executor.executor.parallel:loop closed
[6.905s] DEBUG:colcon.colcon_parallel_executor.executor.parallel:run_until_complete finished with '0'
[6.905s] DEBUG:colcon.colcon_core.event_reactor:joining thread
[6.945s] INFO:colcon.colcon_core.plugin_system:Skipping extension 'colcon_notification.desktop_notification.notify_send': Could not find 'notify-send'
[6.945s] INFO:colcon.colcon_core.plugin_system:Skipping extension 'colcon_notification.desktop_notification.terminal_notifier': Not used on non-Darwin systems
[6.945s] INFO:colcon.colcon_core.plugin_system:Skipping extension 'colcon_notification.desktop_notification.win32': Not used on non-Windows systems
[6.945s] INFO:colcon.colcon_notification.desktop_notification:Sending desktop notification using 'notify2'
[6.949s] DEBUG:colcon.colcon_notification.desktop_notification.notify2:Failed to initialize notify2: org.freedesktop.DBus.Error.ServiceUnknown: The name org.freedesktop.Notifications was not provided by any .service files
[6.949s] DEBUG:colcon.colcon_core.event_reactor:joined thread
[6.968s] INFO:colcon.colcon_core.shell:Creating prefix script '/home/zhang/ros2_ws/install/local_setup.ps1'
[6.969s] INFO:colcon.colcon_core.shell:Creating prefix util module '/home/zhang/ros2_ws/install/_local_setup_util_ps1.py'
[6.969s] INFO:colcon.colcon_core.shell:Creating prefix chain script '/home/zhang/ros2_ws/install/setup.ps1'
[6.995s] INFO:colcon.colcon_core.shell:Creating prefix script '/home/zhang/ros2_ws/install/local_setup.sh'
[6.995s] INFO:colcon.colcon_core.shell:Creating prefix util module '/home/zhang/ros2_ws/install/_local_setup_util_sh.py'
[6.995s] INFO:colcon.colcon_core.shell:Creating prefix chain script '/home/zhang/ros2_ws/install/setup.sh'
[7.013s] INFO:colcon.colcon_core.shell:Creating prefix script '/home/zhang/ros2_ws/install/local_setup.bash'
[7.013s] INFO:colcon.colcon_core.shell:Creating prefix chain script '/home/zhang/ros2_ws/install/setup.bash'
[7.031s] INFO:colcon.colcon_core.shell:Creating prefix script '/home/zhang/ros2_ws/install/local_setup.zsh'
[7.031s] INFO:colcon.colcon_core.shell:Creating prefix chain script '/home/zhang/ros2_ws/install/setup.zsh'
