[0.554s] Invoking command in '/home/zhang/ros2_ws/src/mypkg': PYTHONPATH=/home/zhang/ros2_ws/build/mypkg/prefix_override:/home/zhang/ros2_ws/install/mypkg/lib/python3.8/site-packages:${PYTHONPATH} /usr/bin/python3 setup.py egg_info --egg-base ../../build/mypkg build --build-base /home/zhang/ros2_ws/build/mypkg/build install --record /home/zhang/ros2_ws/build/mypkg/install.log --install-scripts $base/lib/mypkg --single-version-externally-managed
[0.660s] running egg_info
[0.660s] creating ../../build/mypkg/mypkg.egg-info
[0.661s] writing ../../build/mypkg/mypkg.egg-info/PKG-INFO
[0.661s] writing dependency_links to ../../build/mypkg/mypkg.egg-info/dependency_links.txt
[0.661s] writing entry points to ../../build/mypkg/mypkg.egg-info/entry_points.txt
[0.661s] writing requirements to ../../build/mypkg/mypkg.egg-info/requires.txt
[0.661s] writing top-level names to ../../build/mypkg/mypkg.egg-info/top_level.txt
[0.666s] writing manifest file '../../build/mypkg/mypkg.egg-info/SOURCES.txt'
[0.686s] reading manifest file '../../build/mypkg/mypkg.egg-info/SOURCES.txt'
[0.686s] writing manifest file '../../build/mypkg/mypkg.egg-info/SOURCES.txt'
[0.686s] running build
[0.687s] running build_py
[0.687s] creating /home/zhang/ros2_ws/build/mypkg/build
[0.687s] creating /home/zhang/ros2_ws/build/mypkg/build/lib
[0.687s] creating /home/zhang/ros2_ws/build/mypkg/build/lib/mypkg
[0.687s] copying mypkg/__init__.py -> /home/zhang/ros2_ws/build/mypkg/build/lib/mypkg
[0.687s] running install
[0.687s] running install_lib
[0.688s] creating /home/zhang/ros2_ws/install/mypkg/lib/python3.8/site-packages/mypkg
[0.688s] copying /home/zhang/ros2_ws/build/mypkg/build/lib/mypkg/__init__.py -> /home/zhang/ros2_ws/install/mypkg/lib/python3.8/site-packages/mypkg
[0.688s] byte-compiling /home/zhang/ros2_ws/install/mypkg/lib/python3.8/site-packages/mypkg/__init__.py to __init__.cpython-38.pyc
[0.689s] running install_data
[0.689s] creating /home/zhang/ros2_ws/install/mypkg/share/ament_index
[0.689s] creating /home/zhang/ros2_ws/install/mypkg/share/ament_index/resource_index
[0.689s] creating /home/zhang/ros2_ws/install/mypkg/share/ament_index/resource_index/packages
[0.689s] copying resource/mypkg -> /home/zhang/ros2_ws/install/mypkg/share/ament_index/resource_index/packages
[0.690s] copying package.xml -> /home/zhang/ros2_ws/install/mypkg/share/mypkg
[0.690s] running install_egg_info
[0.691s] Copying ../../build/mypkg/mypkg.egg-info to /home/zhang/ros2_ws/install/mypkg/lib/python3.8/site-packages/mypkg-0.0.0-py3.8.egg-info
[0.691s] running install_scripts
[0.701s] writing list of installed files to '/home/zhang/ros2_ws/build/mypkg/install.log'
[0.714s] Invoked command in '/home/zhang/ros2_ws/src/mypkg' returned '0': PYTHONPATH=/home/zhang/ros2_ws/build/mypkg/prefix_override:/home/zhang/ros2_ws/install/mypkg/lib/python3.8/site-packages:${PYTHONPATH} /usr/bin/python3 setup.py egg_info --egg-base ../../build/mypkg build --build-base /home/zhang/ros2_ws/build/mypkg/build install --record /home/zhang/ros2_ws/build/mypkg/install.log --install-scripts $base/lib/mypkg --single-version-externally-managed
