[1.076s] Invoking command in '/home/zhang/ros2_ws/src/mypkg': PYTHONPATH=/home/zhang/ros2_ws/build/mypkg/prefix_override:/home/zhang/ros2_ws/install/mypkg/lib/python3.8/site-packages:${PYTHONPATH} /usr/bin/python3 setup.py egg_info --egg-base ../../build/mypkg build --build-base /home/zhang/ros2_ws/build/mypkg/build install --record /home/zhang/ros2_ws/build/mypkg/install.log --install-scripts $base/lib/mypkg --single-version-externally-managed
[1.280s] running egg_info
[1.290s] writing ../../build/mypkg/mypkg.egg-info/PKG-INFO
[1.291s] writing dependency_links to ../../build/mypkg/mypkg.egg-info/dependency_links.txt
[1.291s] writing entry points to ../../build/mypkg/mypkg.egg-info/entry_points.txt
[1.291s] writing requirements to ../../build/mypkg/mypkg.egg-info/requires.txt
[1.291s] writing top-level names to ../../build/mypkg/mypkg.egg-info/top_level.txt
[1.314s] reading manifest file '../../build/mypkg/mypkg.egg-info/SOURCES.txt'
[1.321s] writing manifest file '../../build/mypkg/mypkg.egg-info/SOURCES.txt'
[1.322s] running build
[1.322s] running build_py
[1.322s] running install
[1.322s] running install_lib
[1.324s] running install_data
[1.324s] running install_egg_info
[1.324s] removing '/home/zhang/ros2_ws/install/mypkg/lib/python3.8/site-packages/mypkg-0.0.0-py3.8.egg-info' (and everything under it)
[1.325s] Copying ../../build/mypkg/mypkg.egg-info to /home/zhang/ros2_ws/install/mypkg/lib/python3.8/site-packages/mypkg-0.0.0-py3.8.egg-info
[1.325s] running install_scripts
[1.335s] Installing listener script to /home/zhang/ros2_ws/install/mypkg/lib/mypkg
[1.335s] Installing talker script to /home/zhang/ros2_ws/install/mypkg/lib/mypkg
[1.335s] writing list of installed files to '/home/zhang/ros2_ws/build/mypkg/install.log'
[1.354s] Invoked command in '/home/zhang/ros2_ws/src/mypkg' returned '0': PYTHONPATH=/home/zhang/ros2_ws/build/mypkg/prefix_override:/home/zhang/ros2_ws/install/mypkg/lib/python3.8/site-packages:${PYTHONPATH} /usr/bin/python3 setup.py egg_info --egg-base ../../build/mypkg build --build-base /home/zhang/ros2_ws/build/mypkg/build install --record /home/zhang/ros2_ws/build/mypkg/install.log --install-scripts $base/lib/mypkg --single-version-externally-managed
