-- Found ament_cmake: 0.9.12 (/opt/ros/foxy/share/ament_cmake/cmake)
-- Found PythonInterp: /usr/bin/python3 (found suitable version "3.8.10", minimum required is "3") 
-- Using PYTHON_EXECUTABLE: /usr/bin/python3
-- Found rosidl_default_generators: 1.0.1 (/opt/ros/foxy/share/rosidl_default_generators/cmake)
-- Using all available rosidl_typesupport_c: rosidl_typesupport_fastrtps_c;rosidl_typesupport_introspection_c
-- Found rosidl_adapter: 1.3.1 (/opt/ros/foxy/share/rosidl_adapter/cmake)
-- Using all available rosidl_typesupport_cpp: rosidl_typesupport_fastrtps_cpp;rosidl_typesupport_introspection_cpp
-- Found PythonInterp: /usr/bin/python3 (found version "3.8.10") 
-- Found ament_cmake_ros: 0.9.2 (/opt/ros/foxy/share/ament_cmake_ros/cmake)
-- Using all available rosidl_typesupport_c: rosidl_typesupport_fastrtps_c;rosidl_typesupport_introspection_c
-- Using all available rosidl_typesupport_cpp: rosidl_typesupport_fastrtps_cpp;rosidl_typesupport_introspection_cpp
-- Found PythonInterp: /usr/bin/python3 (found suitable version "3.8.10", minimum required is "3.5") 
-- Found python_cmake_module: 0.8.1 (/opt/ros/foxy/share/python_cmake_module/cmake)
-- Using PYTHON_EXECUTABLE: /usr/bin/python3
-- Using PYTHON_INCLUDE_DIRS: /usr/include/python3.8
-- Using PYTHON_LIBRARIES: /usr/lib/x86_64-linux-gnu/libpython3.8.so
-- Found ament_lint_auto: 0.9.8 (/opt/ros/foxy/share/ament_lint_auto/cmake)
-- Added test 'copyright' to check source files copyright and LICENSE
-- Added test 'lint_cmake' to check CMake code style
-- Added test 'xmllint' to check XML markup files
-- Configuring done
-- Generating done
-- Build files have been written to: /home/zhang/ros2_ws/build/person_msgs
[35m[1mScanning dependencies of target person_msgs__cpp[0m
[35m[1mScanning dependencies of target person_msgs__rosidl_generator_c[0m
[  6%] Built target person_msgs__cpp
[  6%] [32m[1mLinking C shared library libperson_msgs__rosidl_generator_c.so[0m
[35m[1mScanning dependencies of target person_msgs__rosidl_typesupport_cpp[0m
[35m[1mScanning dependencies of target person_msgs__rosidl_typesupport_introspection_cpp[0m
[35m[1mScanning dependencies of target person_msgs__rosidl_typesupport_fastrtps_cpp[0m
[ 12%] [32m[1mLinking CXX shared library libperson_msgs__rosidl_typesupport_cpp.so[0m
[ 12%] [32m[1mLinking CXX shared library libperson_msgs__rosidl_typesupport_introspection_cpp.so[0m
[ 16%] [32m[1mLinking CXX shared library libperson_msgs__rosidl_typesupport_fastrtps_cpp.so[0m
[ 22%] Built target person_msgs__rosidl_generator_c
[35m[1mScanning dependencies of target person_msgs__rosidl_typesupport_introspection_c[0m
[35m[1mScanning dependencies of target person_msgs__rosidl_typesupport_c[0m
[ 29%] Built target person_msgs__rosidl_typesupport_cpp
[ 32%] [32m[1mLinking C shared library libperson_msgs__rosidl_typesupport_introspection_c.so[0m
[ 35%] [32m[1mLinking CXX shared library libperson_msgs__rosidl_typesupport_c.so[0m
[ 41%] Built target person_msgs__rosidl_typesupport_introspection_cpp
[ 48%] Built target person_msgs__rosidl_typesupport_introspection_c
[ 54%] Built target person_msgs__rosidl_typesupport_c
[ 61%] Built target person_msgs__rosidl_typesupport_fastrtps_cpp
[35m[1mScanning dependencies of target person_msgs__rosidl_typesupport_fastrtps_c[0m
[ 64%] [32m[1mLinking CXX shared library libperson_msgs__rosidl_typesupport_fastrtps_c.so[0m
[ 70%] Built target person_msgs__rosidl_typesupport_fastrtps_c
[ 70%] Built target person_msgs
[35m[1mScanning dependencies of target person_msgs__py[0m
[ 74%] Built target person_msgs__py
[35m[1mScanning dependencies of target person_msgs__python[0m
[ 77%] [32m[1mLinking C shared library rosidl_generator_py/person_msgs/libperson_msgs__python.so[0m
[ 80%] Built target person_msgs__python
[ 90%] [32m[1mLinking C shared library rosidl_generator_py/person_msgs/person_msgs_s__rosidl_typesupport_introspection_c.cpython-38-x86_64-linux-gnu.so[0m
[ 90%] [32m[1mLinking C shared library rosidl_generator_py/person_msgs/person_msgs_s__rosidl_typesupport_c.cpython-38-x86_64-linux-gnu.so[0m
[ 90%] [32m[1mLinking CXX shared library rosidl_generator_py/person_msgs/person_msgs_s__rosidl_typesupport_fastrtps_c.cpython-38-x86_64-linux-gnu.so[0m
[ 93%] Built target person_msgs__rosidl_typesupport_c__pyext
[ 96%] Built target person_msgs__rosidl_typesupport_introspection_c__pyext
[100%] Built target person_msgs__rosidl_typesupport_fastrtps_c__pyext
-- Install configuration: ""
-- Installing: /home/zhang/ros2_ws/install/person_msgs/share/ament_index/resource_index/rosidl_interfaces/person_msgs
-- Up-to-date: /home/zhang/ros2_ws/install/person_msgs/include/person_msgs
-- Up-to-date: /home/zhang/ros2_ws/install/person_msgs/include/person_msgs/srv
-- Up-to-date: /home/zhang/ros2_ws/install/person_msgs/include/person_msgs/srv/query.h
-- Up-to-date: /home/zhang/ros2_ws/install/person_msgs/include/person_msgs/srv/detail
-- Up-to-date: /home/zhang/ros2_ws/install/person_msgs/include/person_msgs/srv/detail/query__functions.c
-- Up-to-date: /home/zhang/ros2_ws/install/person_msgs/include/person_msgs/srv/detail/query__type_support.h
-- Up-to-date: /home/zhang/ros2_ws/install/person_msgs/include/person_msgs/srv/detail/query__functions.h
-- Up-to-date: /home/zhang/ros2_ws/install/person_msgs/include/person_msgs/srv/detail/query__struct.h
-- Up-to-date: /home/zhang/ros2_ws/install/person_msgs/include/person_msgs/msg
-- Up-to-date: /home/zhang/ros2_ws/install/person_msgs/include/person_msgs/msg/person.h
-- Up-to-date: /home/zhang/ros2_ws/install/person_msgs/include/person_msgs/msg/rosidl_generator_c__visibility_control.h
-- Up-to-date: /home/zhang/ros2_ws/install/person_msgs/include/person_msgs/msg/detail
-- Up-to-date: /home/zhang/ros2_ws/install/person_msgs/include/person_msgs/msg/detail/person__functions.c
-- Up-to-date: /home/zhang/ros2_ws/install/person_msgs/include/person_msgs/msg/detail/person__type_support.h
-- Up-to-date: /home/zhang/ros2_ws/install/person_msgs/include/person_msgs/msg/detail/person__functions.h
-- Up-to-date: /home/zhang/ros2_ws/install/person_msgs/include/person_msgs/msg/detail/person__struct.h
-- Up-to-date: /home/zhang/ros2_ws/install/person_msgs/share/person_msgs/environment/library_path.sh
-- Installing: /home/zhang/ros2_ws/install/person_msgs/share/person_msgs/environment/library_path.dsv
-- Installing: /home/zhang/ros2_ws/install/person_msgs/lib/libperson_msgs__rosidl_generator_c.so
-- Set runtime path of "/home/zhang/ros2_ws/install/person_msgs/lib/libperson_msgs__rosidl_generator_c.so" to ""
-- Up-to-date: /home/zhang/ros2_ws/install/person_msgs/include/person_msgs
-- Up-to-date: /home/zhang/ros2_ws/install/person_msgs/include/person_msgs/srv
-- Up-to-date: /home/zhang/ros2_ws/install/person_msgs/include/person_msgs/srv/detail
-- Up-to-date: /home/zhang/ros2_ws/install/person_msgs/include/person_msgs/srv/detail/query__rosidl_typesupport_fastrtps_c.h
-- Up-to-date: /home/zhang/ros2_ws/install/person_msgs/include/person_msgs/msg
-- Up-to-date: /home/zhang/ros2_ws/install/person_msgs/include/person_msgs/msg/rosidl_typesupport_fastrtps_c__visibility_control.h
-- Up-to-date: /home/zhang/ros2_ws/install/person_msgs/include/person_msgs/msg/detail
-- Up-to-date: /home/zhang/ros2_ws/install/person_msgs/include/person_msgs/msg/detail/person__rosidl_typesupport_fastrtps_c.h
-- Installing: /home/zhang/ros2_ws/install/person_msgs/lib/libperson_msgs__rosidl_typesupport_fastrtps_c.so
-- Set runtime path of "/home/zhang/ros2_ws/install/person_msgs/lib/libperson_msgs__rosidl_typesupport_fastrtps_c.so" to ""
-- Up-to-date: /home/zhang/ros2_ws/install/person_msgs/include/person_msgs
-- Up-to-date: /home/zhang/ros2_ws/install/person_msgs/include/person_msgs/srv
-- Up-to-date: /home/zhang/ros2_ws/install/person_msgs/include/person_msgs/srv/detail
-- Up-to-date: /home/zhang/ros2_ws/install/person_msgs/include/person_msgs/srv/detail/dds_fastrtps
-- Up-to-date: /home/zhang/ros2_ws/install/person_msgs/include/person_msgs/srv/detail/query__rosidl_typesupport_fastrtps_cpp.hpp
-- Up-to-date: /home/zhang/ros2_ws/install/person_msgs/include/person_msgs/msg
-- Up-to-date: /home/zhang/ros2_ws/install/person_msgs/include/person_msgs/msg/rosidl_typesupport_fastrtps_cpp__visibility_control.h
-- Up-to-date: /home/zhang/ros2_ws/install/person_msgs/include/person_msgs/msg/detail
-- Up-to-date: /home/zhang/ros2_ws/install/person_msgs/include/person_msgs/msg/detail/dds_fastrtps
-- Up-to-date: /home/zhang/ros2_ws/install/person_msgs/include/person_msgs/msg/detail/person__rosidl_typesupport_fastrtps_cpp.hpp
-- Installing: /home/zhang/ros2_ws/install/person_msgs/lib/libperson_msgs__rosidl_typesupport_fastrtps_cpp.so
-- Set runtime path of "/home/zhang/ros2_ws/install/person_msgs/lib/libperson_msgs__rosidl_typesupport_fastrtps_cpp.so" to ""
-- Up-to-date: /home/zhang/ros2_ws/install/person_msgs/include/person_msgs
-- Up-to-date: /home/zhang/ros2_ws/install/person_msgs/include/person_msgs/srv
-- Up-to-date: /home/zhang/ros2_ws/install/person_msgs/include/person_msgs/srv/detail
-- Up-to-date: /home/zhang/ros2_ws/install/person_msgs/include/person_msgs/srv/detail/query__type_support.c
-- Up-to-date: /home/zhang/ros2_ws/install/person_msgs/include/person_msgs/srv/detail/query__rosidl_typesupport_introspection_c.h
-- Up-to-date: /home/zhang/ros2_ws/install/person_msgs/include/person_msgs/msg
-- Up-to-date: /home/zhang/ros2_ws/install/person_msgs/include/person_msgs/msg/rosidl_typesupport_introspection_c__visibility_control.h
-- Up-to-date: /home/zhang/ros2_ws/install/person_msgs/include/person_msgs/msg/detail
-- Up-to-date: /home/zhang/ros2_ws/install/person_msgs/include/person_msgs/msg/detail/person__type_support.c
-- Up-to-date: /home/zhang/ros2_ws/install/person_msgs/include/person_msgs/msg/detail/person__rosidl_typesupport_introspection_c.h
-- Installing: /home/zhang/ros2_ws/install/person_msgs/lib/libperson_msgs__rosidl_typesupport_introspection_c.so
-- Set runtime path of "/home/zhang/ros2_ws/install/person_msgs/lib/libperson_msgs__rosidl_typesupport_introspection_c.so" to ""
-- Installing: /home/zhang/ros2_ws/install/person_msgs/lib/libperson_msgs__rosidl_typesupport_c.so
-- Set runtime path of "/home/zhang/ros2_ws/install/person_msgs/lib/libperson_msgs__rosidl_typesupport_c.so" to ""
-- Up-to-date: /home/zhang/ros2_ws/install/person_msgs/include/person_msgs
-- Up-to-date: /home/zhang/ros2_ws/install/person_msgs/include/person_msgs/srv
-- Up-to-date: /home/zhang/ros2_ws/install/person_msgs/include/person_msgs/srv/query.hpp
-- Up-to-date: /home/zhang/ros2_ws/install/person_msgs/include/person_msgs/srv/detail
-- Up-to-date: /home/zhang/ros2_ws/install/person_msgs/include/person_msgs/srv/detail/query__builder.hpp
-- Up-to-date: /home/zhang/ros2_ws/install/person_msgs/include/person_msgs/srv/detail/query__struct.hpp
-- Up-to-date: /home/zhang/ros2_ws/install/person_msgs/include/person_msgs/srv/detail/query__traits.hpp
-- Up-to-date: /home/zhang/ros2_ws/install/person_msgs/include/person_msgs/srv/detail/query__type_support.hpp
-- Up-to-date: /home/zhang/ros2_ws/install/person_msgs/include/person_msgs/msg
-- Up-to-date: /home/zhang/ros2_ws/install/person_msgs/include/person_msgs/msg/person.hpp
-- Up-to-date: /home/zhang/ros2_ws/install/person_msgs/include/person_msgs/msg/rosidl_generator_cpp__visibility_control.hpp
-- Up-to-date: /home/zhang/ros2_ws/install/person_msgs/include/person_msgs/msg/detail
-- Up-to-date: /home/zhang/ros2_ws/install/person_msgs/include/person_msgs/msg/detail/person__builder.hpp
-- Up-to-date: /home/zhang/ros2_ws/install/person_msgs/include/person_msgs/msg/detail/person__type_support.hpp
-- Up-to-date: /home/zhang/ros2_ws/install/person_msgs/include/person_msgs/msg/detail/person__traits.hpp
-- Up-to-date: /home/zhang/ros2_ws/install/person_msgs/include/person_msgs/msg/detail/person__struct.hpp
-- Up-to-date: /home/zhang/ros2_ws/install/person_msgs/include/person_msgs
-- Up-to-date: /home/zhang/ros2_ws/install/person_msgs/include/person_msgs/srv
-- Up-to-date: /home/zhang/ros2_ws/install/person_msgs/include/person_msgs/srv/detail
-- Up-to-date: /home/zhang/ros2_ws/install/person_msgs/include/person_msgs/srv/detail/query__type_support.cpp
-- Up-to-date: /home/zhang/ros2_ws/install/person_msgs/include/person_msgs/srv/detail/query__rosidl_typesupport_introspection_cpp.hpp
-- Up-to-date: /home/zhang/ros2_ws/install/person_msgs/include/person_msgs/msg
-- Up-to-date: /home/zhang/ros2_ws/install/person_msgs/include/person_msgs/msg/detail
-- Up-to-date: /home/zhang/ros2_ws/install/person_msgs/include/person_msgs/msg/detail/person__rosidl_typesupport_introspection_cpp.hpp
-- Up-to-date: /home/zhang/ros2_ws/install/person_msgs/include/person_msgs/msg/detail/person__type_support.cpp
-- Installing: /home/zhang/ros2_ws/install/person_msgs/lib/libperson_msgs__rosidl_typesupport_introspection_cpp.so
-- Set runtime path of "/home/zhang/ros2_ws/install/person_msgs/lib/libperson_msgs__rosidl_typesupport_introspection_cpp.so" to ""
-- Installing: /home/zhang/ros2_ws/install/person_msgs/lib/libperson_msgs__rosidl_typesupport_cpp.so
-- Set runtime path of "/home/zhang/ros2_ws/install/person_msgs/lib/libperson_msgs__rosidl_typesupport_cpp.so" to ""
-- Up-to-date: /home/zhang/ros2_ws/install/person_msgs/share/person_msgs/environment/pythonpath.sh
-- Installing: /home/zhang/ros2_ws/install/person_msgs/share/person_msgs/environment/pythonpath.dsv
-- Installing: /home/zhang/ros2_ws/install/person_msgs/lib/python3.8/site-packages/person_msgs/__init__.py
Compiling '/home/zhang/ros2_ws/install/person_msgs/lib/python3.8/site-packages/person_msgs/__init__.py'...
-- Up-to-date: /home/zhang/ros2_ws/install/person_msgs/lib/python3.8/site-packages/person_msgs/msg
-- Up-to-date: /home/zhang/ros2_ws/install/person_msgs/lib/python3.8/site-packages/person_msgs/msg/_person.py
-- Up-to-date: /home/zhang/ros2_ws/install/person_msgs/lib/python3.8/site-packages/person_msgs/msg/_person_s.c
-- Up-to-date: /home/zhang/ros2_ws/install/person_msgs/lib/python3.8/site-packages/person_msgs/msg/__init__.py
-- Installing: /home/zhang/ros2_ws/install/person_msgs/lib/python3.8/site-packages/person_msgs/person_msgs_s__rosidl_typesupport_fastrtps_c.cpython-38-x86_64-linux-gnu.so
-- Set runtime path of "/home/zhang/ros2_ws/install/person_msgs/lib/python3.8/site-packages/person_msgs/person_msgs_s__rosidl_typesupport_fastrtps_c.cpython-38-x86_64-linux-gnu.so" to ""
-- Installing: /home/zhang/ros2_ws/install/person_msgs/lib/python3.8/site-packages/person_msgs/person_msgs_s__rosidl_typesupport_introspection_c.cpython-38-x86_64-linux-gnu.so
-- Set runtime path of "/home/zhang/ros2_ws/install/person_msgs/lib/python3.8/site-packages/person_msgs/person_msgs_s__rosidl_typesupport_introspection_c.cpython-38-x86_64-linux-gnu.so" to ""
-- Installing: /home/zhang/ros2_ws/install/person_msgs/lib/python3.8/site-packages/person_msgs/person_msgs_s__rosidl_typesupport_c.cpython-38-x86_64-linux-gnu.so
-- Set runtime path of "/home/zhang/ros2_ws/install/person_msgs/lib/python3.8/site-packages/person_msgs/person_msgs_s__rosidl_typesupport_c.cpython-38-x86_64-linux-gnu.so" to ""
-- Installing: /home/zhang/ros2_ws/install/person_msgs/lib/libperson_msgs__python.so
-- Set runtime path of "/home/zhang/ros2_ws/install/person_msgs/lib/libperson_msgs__python.so" to ""
-- Up-to-date: /home/zhang/ros2_ws/install/person_msgs/share/person_msgs/msg/Person.idl
-- Installing: /home/zhang/ros2_ws/install/person_msgs/share/person_msgs/msg/Person.msg
-- Up-to-date: /home/zhang/ros2_ws/install/person_msgs/share/ament_index/resource_index/package_run_dependencies/person_msgs
-- Up-to-date: /home/zhang/ros2_ws/install/person_msgs/share/ament_index/resource_index/parent_prefix_path/person_msgs
-- Up-to-date: /home/zhang/ros2_ws/install/person_msgs/share/person_msgs/environment/ament_prefix_path.sh
-- Installing: /home/zhang/ros2_ws/install/person_msgs/share/person_msgs/environment/ament_prefix_path.dsv
-- Up-to-date: /home/zhang/ros2_ws/install/person_msgs/share/person_msgs/environment/path.sh
-- Installing: /home/zhang/ros2_ws/install/person_msgs/share/person_msgs/environment/path.dsv
-- Up-to-date: /home/zhang/ros2_ws/install/person_msgs/share/person_msgs/local_setup.bash
-- Up-to-date: /home/zhang/ros2_ws/install/person_msgs/share/person_msgs/local_setup.sh
-- Up-to-date: /home/zhang/ros2_ws/install/person_msgs/share/person_msgs/local_setup.zsh
-- Installing: /home/zhang/ros2_ws/install/person_msgs/share/person_msgs/local_setup.dsv
-- Installing: /home/zhang/ros2_ws/install/person_msgs/share/person_msgs/package.dsv
-- Up-to-date: /home/zhang/ros2_ws/install/person_msgs/share/ament_index/resource_index/packages/person_msgs
-- Up-to-date: /home/zhang/ros2_ws/install/person_msgs/share/person_msgs/cmake/person_msgs__rosidl_generator_cExport.cmake
-- Installing: /home/zhang/ros2_ws/install/person_msgs/share/person_msgs/cmake/person_msgs__rosidl_generator_cExport-noconfig.cmake
-- Up-to-date: /home/zhang/ros2_ws/install/person_msgs/share/person_msgs/cmake/person_msgs__rosidl_typesupport_introspection_cExport.cmake
-- Installing: /home/zhang/ros2_ws/install/person_msgs/share/person_msgs/cmake/person_msgs__rosidl_typesupport_introspection_cExport-noconfig.cmake
-- Up-to-date: /home/zhang/ros2_ws/install/person_msgs/share/person_msgs/cmake/person_msgs__rosidl_typesupport_cExport.cmake
-- Installing: /home/zhang/ros2_ws/install/person_msgs/share/person_msgs/cmake/person_msgs__rosidl_typesupport_cExport-noconfig.cmake
-- Up-to-date: /home/zhang/ros2_ws/install/person_msgs/share/person_msgs/cmake/person_msgs__rosidl_generator_cppExport.cmake
-- Up-to-date: /home/zhang/ros2_ws/install/person_msgs/share/person_msgs/cmake/person_msgs__rosidl_typesupport_introspection_cppExport.cmake
-- Installing: /home/zhang/ros2_ws/install/person_msgs/share/person_msgs/cmake/person_msgs__rosidl_typesupport_introspection_cppExport-noconfig.cmake
-- Up-to-date: /home/zhang/ros2_ws/install/person_msgs/share/person_msgs/cmake/person_msgs__rosidl_typesupport_cppExport.cmake
-- Installing: /home/zhang/ros2_ws/install/person_msgs/share/person_msgs/cmake/person_msgs__rosidl_typesupport_cppExport-noconfig.cmake
-- Installing: /home/zhang/ros2_ws/install/person_msgs/share/person_msgs/cmake/rosidl_cmake-extras.cmake
-- Up-to-date: /home/zhang/ros2_ws/install/person_msgs/share/person_msgs/cmake/ament_cmake_export_dependencies-extras.cmake
-- Up-to-date: /home/zhang/ros2_ws/install/person_msgs/share/person_msgs/cmake/ament_cmake_export_libraries-extras.cmake
-- Up-to-date: /home/zhang/ros2_ws/install/person_msgs/share/person_msgs/cmake/ament_cmake_export_targets-extras.cmake
-- Up-to-date: /home/zhang/ros2_ws/install/person_msgs/share/person_msgs/cmake/ament_cmake_export_include_directories-extras.cmake
-- Up-to-date: /home/zhang/ros2_ws/install/person_msgs/share/person_msgs/cmake/rosidl_cmake_export_typesupport_libraries-extras.cmake
-- Up-to-date: /home/zhang/ros2_ws/install/person_msgs/share/person_msgs/cmake/rosidl_cmake_export_typesupport_targets-extras.cmake
-- Up-to-date: /home/zhang/ros2_ws/install/person_msgs/share/person_msgs/cmake/person_msgsConfig.cmake
-- Up-to-date: /home/zhang/ros2_ws/install/person_msgs/share/person_msgs/cmake/person_msgsConfig-version.cmake
-- Installing: /home/zhang/ros2_ws/install/person_msgs/share/person_msgs/package.xml
