[0.285s] Invoking command in '/home/zhang/ros2_ws/build/person_msgs': CMAKE_PREFIX_PATH=${CMAKE_PREFIX_PATH}:/home/zhang/ros2_ws/install/mypkg:/opt/ros/foxy /usr/bin/cmake --build /home/zhang/ros2_ws/build/person_msgs -- -j8 -l8
[0.302s] -- Found ament_cmake: 0.9.12 (/opt/ros/foxy/share/ament_cmake/cmake)
[0.317s] -- Found PythonInterp: /usr/bin/python3 (found suitable version "3.8.10", minimum required is "3") 
[0.318s] -- Using PYTHON_EXECUTABLE: /usr/bin/python3
[0.430s] -- Found rosidl_default_generators: 1.0.1 (/opt/ros/foxy/share/rosidl_default_generators/cmake)
[0.431s] -- Using all available rosidl_typesupport_c: rosidl_typesupport_fastrtps_c;rosidl_typesupport_introspection_c
[0.433s] -- Found rosidl_adapter: 1.3.1 (/opt/ros/foxy/share/rosidl_adapter/cmake)
[1.758s] -- Using all available rosidl_typesupport_cpp: rosidl_typesupport_fastrtps_cpp;rosidl_typesupport_introspection_cpp
[1.784s] -- Found PythonInterp: /usr/bin/python3 (found version "3.8.10") 
[1.855s] -- Found ament_cmake_ros: 0.9.2 (/opt/ros/foxy/share/ament_cmake_ros/cmake)
[3.132s] -- Using all available rosidl_typesupport_c: rosidl_typesupport_fastrtps_c;rosidl_typesupport_introspection_c
[3.136s] -- Using all available rosidl_typesupport_cpp: rosidl_typesupport_fastrtps_cpp;rosidl_typesupport_introspection_cpp
[3.152s] -- Found PythonInterp: /usr/bin/python3 (found suitable version "3.8.10", minimum required is "3.5") 
[3.152s] -- Found python_cmake_module: 0.8.1 (/opt/ros/foxy/share/python_cmake_module/cmake)
[3.166s] -- Using PYTHON_EXECUTABLE: /usr/bin/python3
[3.167s] -- Using PYTHON_INCLUDE_DIRS: /usr/include/python3.8
[3.167s] -- Using PYTHON_LIBRARIES: /usr/lib/x86_64-linux-gnu/libpython3.8.so
[3.176s] -- Found ament_lint_auto: 0.9.8 (/opt/ros/foxy/share/ament_lint_auto/cmake)
[3.181s] -- Added test 'copyright' to check source files copyright and LICENSE
[3.182s] -- Added test 'lint_cmake' to check CMake code style
[3.183s] -- Added test 'xmllint' to check XML markup files
[3.185s] -- Configuring done
[3.206s] -- Generating done
[3.209s] -- Build files have been written to: /home/zhang/ros2_ws/build/person_msgs
[3.226s] [35m[1mScanning dependencies of target person_msgs__cpp[0m
[3.226s] [35m[1mScanning dependencies of target person_msgs__rosidl_generator_c[0m
[3.233s] [  6%] Built target person_msgs__cpp
[3.233s] [  6%] [32m[1mLinking C shared library libperson_msgs__rosidl_generator_c.so[0m
[3.240s] [35m[1mScanning dependencies of target person_msgs__rosidl_typesupport_cpp[0m
[3.240s] [35m[1mScanning dependencies of target person_msgs__rosidl_typesupport_introspection_cpp[0m
[3.242s] [35m[1mScanning dependencies of target person_msgs__rosidl_typesupport_fastrtps_cpp[0m
[3.252s] [ 12%] [32m[1mLinking CXX shared library libperson_msgs__rosidl_typesupport_cpp.so[0m
[3.252s] [ 12%] [32m[1mLinking CXX shared library libperson_msgs__rosidl_typesupport_introspection_cpp.so[0m
[3.264s] [ 16%] [32m[1mLinking CXX shared library libperson_msgs__rosidl_typesupport_fastrtps_cpp.so[0m
[3.293s] [ 22%] Built target person_msgs__rosidl_generator_c
[3.303s] [35m[1mScanning dependencies of target person_msgs__rosidl_typesupport_introspection_c[0m
[3.303s] [35m[1mScanning dependencies of target person_msgs__rosidl_typesupport_c[0m
[3.303s] [ 29%] Built target person_msgs__rosidl_typesupport_cpp
[3.312s] [ 32%] [32m[1mLinking C shared library libperson_msgs__rosidl_typesupport_introspection_c.so[0m
[3.312s] [ 35%] [32m[1mLinking CXX shared library libperson_msgs__rosidl_typesupport_c.so[0m
[3.318s] [ 41%] Built target person_msgs__rosidl_typesupport_introspection_cpp
[3.352s] [ 48%] Built target person_msgs__rosidl_typesupport_introspection_c
[3.359s] [ 54%] Built target person_msgs__rosidl_typesupport_c
[3.361s] [ 61%] Built target person_msgs__rosidl_typesupport_fastrtps_cpp
[3.368s] [35m[1mScanning dependencies of target person_msgs__rosidl_typesupport_fastrtps_c[0m
[3.380s] [ 64%] [32m[1mLinking CXX shared library libperson_msgs__rosidl_typesupport_fastrtps_c.so[0m
[3.457s] [ 70%] Built target person_msgs__rosidl_typesupport_fastrtps_c
[3.472s] [ 70%] Built target person_msgs
[3.478s] [35m[1mScanning dependencies of target person_msgs__py[0m
[3.486s] [ 74%] Built target person_msgs__py
[3.492s] [35m[1mScanning dependencies of target person_msgs__python[0m
[3.502s] [ 77%] [32m[1mLinking C shared library rosidl_generator_py/person_msgs/libperson_msgs__python.so[0m
[3.548s] [ 80%] Built target person_msgs__python
[3.566s] [ 90%] [32m[1mLinking C shared library rosidl_generator_py/person_msgs/person_msgs_s__rosidl_typesupport_introspection_c.cpython-38-x86_64-linux-gnu.so[0m
[3.566s] [ 90%] [32m[1mLinking C shared library rosidl_generator_py/person_msgs/person_msgs_s__rosidl_typesupport_c.cpython-38-x86_64-linux-gnu.so[0m
[3.566s] [ 90%] [32m[1mLinking CXX shared library rosidl_generator_py/person_msgs/person_msgs_s__rosidl_typesupport_fastrtps_c.cpython-38-x86_64-linux-gnu.so[0m
[3.607s] [ 93%] Built target person_msgs__rosidl_typesupport_c__pyext
[3.607s] [ 96%] Built target person_msgs__rosidl_typesupport_introspection_c__pyext
[3.624s] [100%] Built target person_msgs__rosidl_typesupport_fastrtps_c__pyext
[3.632s] Invoked command in '/home/zhang/ros2_ws/build/person_msgs' returned '0': CMAKE_PREFIX_PATH=${CMAKE_PREFIX_PATH}:/home/zhang/ros2_ws/install/mypkg:/opt/ros/foxy /usr/bin/cmake --build /home/zhang/ros2_ws/build/person_msgs -- -j8 -l8
[3.677s] Invoking command in '/home/zhang/ros2_ws/build/person_msgs': CMAKE_PREFIX_PATH=${CMAKE_PREFIX_PATH}:/home/zhang/ros2_ws/install/mypkg:/opt/ros/foxy /usr/bin/cmake --install /home/zhang/ros2_ws/build/person_msgs
[3.683s] -- Install configuration: ""
[3.683s] -- Installing: /home/zhang/ros2_ws/install/person_msgs/share/ament_index/resource_index/rosidl_interfaces/person_msgs
[3.683s] -- Up-to-date: /home/zhang/ros2_ws/install/person_msgs/include/person_msgs
[3.683s] -- Up-to-date: /home/zhang/ros2_ws/install/person_msgs/include/person_msgs/srv
[3.683s] -- Up-to-date: /home/zhang/ros2_ws/install/person_msgs/include/person_msgs/srv/query.h
[3.683s] -- Up-to-date: /home/zhang/ros2_ws/install/person_msgs/include/person_msgs/srv/detail
[3.683s] -- Up-to-date: /home/zhang/ros2_ws/install/person_msgs/include/person_msgs/srv/detail/query__functions.c
[3.683s] -- Up-to-date: /home/zhang/ros2_ws/install/person_msgs/include/person_msgs/srv/detail/query__type_support.h
[3.683s] -- Up-to-date: /home/zhang/ros2_ws/install/person_msgs/include/person_msgs/srv/detail/query__functions.h
[3.683s] -- Up-to-date: /home/zhang/ros2_ws/install/person_msgs/include/person_msgs/srv/detail/query__struct.h
[3.683s] -- Up-to-date: /home/zhang/ros2_ws/install/person_msgs/include/person_msgs/msg
[3.683s] -- Up-to-date: /home/zhang/ros2_ws/install/person_msgs/include/person_msgs/msg/person.h
[3.684s] -- Up-to-date: /home/zhang/ros2_ws/install/person_msgs/include/person_msgs/msg/rosidl_generator_c__visibility_control.h
[3.684s] -- Up-to-date: /home/zhang/ros2_ws/install/person_msgs/include/person_msgs/msg/detail
[3.684s] -- Up-to-date: /home/zhang/ros2_ws/install/person_msgs/include/person_msgs/msg/detail/person__functions.c
[3.684s] -- Up-to-date: /home/zhang/ros2_ws/install/person_msgs/include/person_msgs/msg/detail/person__type_support.h
[3.684s] -- Up-to-date: /home/zhang/ros2_ws/install/person_msgs/include/person_msgs/msg/detail/person__functions.h
[3.684s] -- Up-to-date: /home/zhang/ros2_ws/install/person_msgs/include/person_msgs/msg/detail/person__struct.h
[3.684s] -- Up-to-date: /home/zhang/ros2_ws/install/person_msgs/share/person_msgs/environment/library_path.sh
[3.684s] -- Installing: /home/zhang/ros2_ws/install/person_msgs/share/person_msgs/environment/library_path.dsv
[3.684s] -- Installing: /home/zhang/ros2_ws/install/person_msgs/lib/libperson_msgs__rosidl_generator_c.so
[3.685s] -- Set runtime path of "/home/zhang/ros2_ws/install/person_msgs/lib/libperson_msgs__rosidl_generator_c.so" to ""
[3.685s] -- Up-to-date: /home/zhang/ros2_ws/install/person_msgs/include/person_msgs
[3.685s] -- Up-to-date: /home/zhang/ros2_ws/install/person_msgs/include/person_msgs/srv
[3.685s] -- Up-to-date: /home/zhang/ros2_ws/install/person_msgs/include/person_msgs/srv/detail
[3.685s] -- Up-to-date: /home/zhang/ros2_ws/install/person_msgs/include/person_msgs/srv/detail/query__rosidl_typesupport_fastrtps_c.h
[3.685s] -- Up-to-date: /home/zhang/ros2_ws/install/person_msgs/include/person_msgs/msg
[3.685s] -- Up-to-date: /home/zhang/ros2_ws/install/person_msgs/include/person_msgs/msg/rosidl_typesupport_fastrtps_c__visibility_control.h
[3.686s] -- Up-to-date: /home/zhang/ros2_ws/install/person_msgs/include/person_msgs/msg/detail
[3.686s] -- Up-to-date: /home/zhang/ros2_ws/install/person_msgs/include/person_msgs/msg/detail/person__rosidl_typesupport_fastrtps_c.h
[3.686s] -- Installing: /home/zhang/ros2_ws/install/person_msgs/lib/libperson_msgs__rosidl_typesupport_fastrtps_c.so
[3.686s] -- Set runtime path of "/home/zhang/ros2_ws/install/person_msgs/lib/libperson_msgs__rosidl_typesupport_fastrtps_c.so" to ""
[3.686s] -- Up-to-date: /home/zhang/ros2_ws/install/person_msgs/include/person_msgs
[3.686s] -- Up-to-date: /home/zhang/ros2_ws/install/person_msgs/include/person_msgs/srv
[3.686s] -- Up-to-date: /home/zhang/ros2_ws/install/person_msgs/include/person_msgs/srv/detail
[3.686s] -- Up-to-date: /home/zhang/ros2_ws/install/person_msgs/include/person_msgs/srv/detail/dds_fastrtps
[3.686s] -- Up-to-date: /home/zhang/ros2_ws/install/person_msgs/include/person_msgs/srv/detail/query__rosidl_typesupport_fastrtps_cpp.hpp
[3.687s] -- Up-to-date: /home/zhang/ros2_ws/install/person_msgs/include/person_msgs/msg
[3.687s] -- Up-to-date: /home/zhang/ros2_ws/install/person_msgs/include/person_msgs/msg/rosidl_typesupport_fastrtps_cpp__visibility_control.h
[3.687s] -- Up-to-date: /home/zhang/ros2_ws/install/person_msgs/include/person_msgs/msg/detail
[3.687s] -- Up-to-date: /home/zhang/ros2_ws/install/person_msgs/include/person_msgs/msg/detail/dds_fastrtps
[3.687s] -- Up-to-date: /home/zhang/ros2_ws/install/person_msgs/include/person_msgs/msg/detail/person__rosidl_typesupport_fastrtps_cpp.hpp
[3.687s] -- Installing: /home/zhang/ros2_ws/install/person_msgs/lib/libperson_msgs__rosidl_typesupport_fastrtps_cpp.so
[3.687s] -- Set runtime path of "/home/zhang/ros2_ws/install/person_msgs/lib/libperson_msgs__rosidl_typesupport_fastrtps_cpp.so" to ""
[3.687s] -- Up-to-date: /home/zhang/ros2_ws/install/person_msgs/include/person_msgs
[3.687s] -- Up-to-date: /home/zhang/ros2_ws/install/person_msgs/include/person_msgs/srv
[3.687s] -- Up-to-date: /home/zhang/ros2_ws/install/person_msgs/include/person_msgs/srv/detail
[3.687s] -- Up-to-date: /home/zhang/ros2_ws/install/person_msgs/include/person_msgs/srv/detail/query__type_support.c
[3.687s] -- Up-to-date: /home/zhang/ros2_ws/install/person_msgs/include/person_msgs/srv/detail/query__rosidl_typesupport_introspection_c.h
[3.687s] -- Up-to-date: /home/zhang/ros2_ws/install/person_msgs/include/person_msgs/msg
[3.688s] -- Up-to-date: /home/zhang/ros2_ws/install/person_msgs/include/person_msgs/msg/rosidl_typesupport_introspection_c__visibility_control.h
[3.688s] -- Up-to-date: /home/zhang/ros2_ws/install/person_msgs/include/person_msgs/msg/detail
[3.688s] -- Up-to-date: /home/zhang/ros2_ws/install/person_msgs/include/person_msgs/msg/detail/person__type_support.c
[3.688s] -- Up-to-date: /home/zhang/ros2_ws/install/person_msgs/include/person_msgs/msg/detail/person__rosidl_typesupport_introspection_c.h
[3.688s] -- Installing: /home/zhang/ros2_ws/install/person_msgs/lib/libperson_msgs__rosidl_typesupport_introspection_c.so
[3.688s] -- Set runtime path of "/home/zhang/ros2_ws/install/person_msgs/lib/libperson_msgs__rosidl_typesupport_introspection_c.so" to ""
[3.688s] -- Installing: /home/zhang/ros2_ws/install/person_msgs/lib/libperson_msgs__rosidl_typesupport_c.so
[3.688s] -- Set runtime path of "/home/zhang/ros2_ws/install/person_msgs/lib/libperson_msgs__rosidl_typesupport_c.so" to ""
[3.688s] -- Up-to-date: /home/zhang/ros2_ws/install/person_msgs/include/person_msgs
[3.688s] -- Up-to-date: /home/zhang/ros2_ws/install/person_msgs/include/person_msgs/srv
[3.688s] -- Up-to-date: /home/zhang/ros2_ws/install/person_msgs/include/person_msgs/srv/query.hpp
[3.688s] -- Up-to-date: /home/zhang/ros2_ws/install/person_msgs/include/person_msgs/srv/detail
[3.688s] -- Up-to-date: /home/zhang/ros2_ws/install/person_msgs/include/person_msgs/srv/detail/query__builder.hpp
[3.688s] -- Up-to-date: /home/zhang/ros2_ws/install/person_msgs/include/person_msgs/srv/detail/query__struct.hpp
[3.688s] -- Up-to-date: /home/zhang/ros2_ws/install/person_msgs/include/person_msgs/srv/detail/query__traits.hpp
[3.688s] -- Up-to-date: /home/zhang/ros2_ws/install/person_msgs/include/person_msgs/srv/detail/query__type_support.hpp
[3.688s] -- Up-to-date: /home/zhang/ros2_ws/install/person_msgs/include/person_msgs/msg
[3.688s] -- Up-to-date: /home/zhang/ros2_ws/install/person_msgs/include/person_msgs/msg/person.hpp
[3.688s] -- Up-to-date: /home/zhang/ros2_ws/install/person_msgs/include/person_msgs/msg/rosidl_generator_cpp__visibility_control.hpp
[3.688s] -- Up-to-date: /home/zhang/ros2_ws/install/person_msgs/include/person_msgs/msg/detail
[3.688s] -- Up-to-date: /home/zhang/ros2_ws/install/person_msgs/include/person_msgs/msg/detail/person__builder.hpp
[3.688s] -- Up-to-date: /home/zhang/ros2_ws/install/person_msgs/include/person_msgs/msg/detail/person__type_support.hpp
[3.688s] -- Up-to-date: /home/zhang/ros2_ws/install/person_msgs/include/person_msgs/msg/detail/person__traits.hpp
[3.688s] -- Up-to-date: /home/zhang/ros2_ws/install/person_msgs/include/person_msgs/msg/detail/person__struct.hpp
[3.688s] -- Up-to-date: /home/zhang/ros2_ws/install/person_msgs/include/person_msgs
[3.688s] -- Up-to-date: /home/zhang/ros2_ws/install/person_msgs/include/person_msgs/srv
[3.688s] -- Up-to-date: /home/zhang/ros2_ws/install/person_msgs/include/person_msgs/srv/detail
[3.689s] -- Up-to-date: /home/zhang/ros2_ws/install/person_msgs/include/person_msgs/srv/detail/query__type_support.cpp
[3.689s] -- Up-to-date: /home/zhang/ros2_ws/install/person_msgs/include/person_msgs/srv/detail/query__rosidl_typesupport_introspection_cpp.hpp
[3.689s] -- Up-to-date: /home/zhang/ros2_ws/install/person_msgs/include/person_msgs/msg
[3.689s] -- Up-to-date: /home/zhang/ros2_ws/install/person_msgs/include/person_msgs/msg/detail
[3.689s] -- Up-to-date: /home/zhang/ros2_ws/install/person_msgs/include/person_msgs/msg/detail/person__rosidl_typesupport_introspection_cpp.hpp
[3.689s] -- Up-to-date: /home/zhang/ros2_ws/install/person_msgs/include/person_msgs/msg/detail/person__type_support.cpp
[3.689s] -- Installing: /home/zhang/ros2_ws/install/person_msgs/lib/libperson_msgs__rosidl_typesupport_introspection_cpp.so
[3.689s] -- Set runtime path of "/home/zhang/ros2_ws/install/person_msgs/lib/libperson_msgs__rosidl_typesupport_introspection_cpp.so" to ""
[3.689s] -- Installing: /home/zhang/ros2_ws/install/person_msgs/lib/libperson_msgs__rosidl_typesupport_cpp.so
[3.689s] -- Set runtime path of "/home/zhang/ros2_ws/install/person_msgs/lib/libperson_msgs__rosidl_typesupport_cpp.so" to ""
[3.689s] -- Up-to-date: /home/zhang/ros2_ws/install/person_msgs/share/person_msgs/environment/pythonpath.sh
[3.689s] -- Installing: /home/zhang/ros2_ws/install/person_msgs/share/person_msgs/environment/pythonpath.dsv
[3.689s] -- Installing: /home/zhang/ros2_ws/install/person_msgs/lib/python3.8/site-packages/person_msgs/__init__.py
[3.706s] Compiling '/home/zhang/ros2_ws/install/person_msgs/lib/python3.8/site-packages/person_msgs/__init__.py'...
[3.708s] -- Up-to-date: /home/zhang/ros2_ws/install/person_msgs/lib/python3.8/site-packages/person_msgs/msg
[3.708s] -- Up-to-date: /home/zhang/ros2_ws/install/person_msgs/lib/python3.8/site-packages/person_msgs/msg/_person.py
[3.708s] -- Up-to-date: /home/zhang/ros2_ws/install/person_msgs/lib/python3.8/site-packages/person_msgs/msg/_person_s.c
[3.708s] -- Up-to-date: /home/zhang/ros2_ws/install/person_msgs/lib/python3.8/site-packages/person_msgs/msg/__init__.py
[3.708s] -- Installing: /home/zhang/ros2_ws/install/person_msgs/lib/python3.8/site-packages/person_msgs/person_msgs_s__rosidl_typesupport_fastrtps_c.cpython-38-x86_64-linux-gnu.so
[3.709s] -- Set runtime path of "/home/zhang/ros2_ws/install/person_msgs/lib/python3.8/site-packages/person_msgs/person_msgs_s__rosidl_typesupport_fastrtps_c.cpython-38-x86_64-linux-gnu.so" to ""
[3.709s] -- Installing: /home/zhang/ros2_ws/install/person_msgs/lib/python3.8/site-packages/person_msgs/person_msgs_s__rosidl_typesupport_introspection_c.cpython-38-x86_64-linux-gnu.so
[3.710s] -- Set runtime path of "/home/zhang/ros2_ws/install/person_msgs/lib/python3.8/site-packages/person_msgs/person_msgs_s__rosidl_typesupport_introspection_c.cpython-38-x86_64-linux-gnu.so" to ""
[3.710s] -- Installing: /home/zhang/ros2_ws/install/person_msgs/lib/python3.8/site-packages/person_msgs/person_msgs_s__rosidl_typesupport_c.cpython-38-x86_64-linux-gnu.so
[3.710s] -- Set runtime path of "/home/zhang/ros2_ws/install/person_msgs/lib/python3.8/site-packages/person_msgs/person_msgs_s__rosidl_typesupport_c.cpython-38-x86_64-linux-gnu.so" to ""
[3.710s] -- Installing: /home/zhang/ros2_ws/install/person_msgs/lib/libperson_msgs__python.so
[3.710s] -- Set runtime path of "/home/zhang/ros2_ws/install/person_msgs/lib/libperson_msgs__python.so" to ""
[3.710s] -- Up-to-date: /home/zhang/ros2_ws/install/person_msgs/share/person_msgs/msg/Person.idl
[3.711s] -- Installing: /home/zhang/ros2_ws/install/person_msgs/share/person_msgs/msg/Person.msg
[3.711s] -- Up-to-date: /home/zhang/ros2_ws/install/person_msgs/share/ament_index/resource_index/package_run_dependencies/person_msgs
[3.711s] -- Up-to-date: /home/zhang/ros2_ws/install/person_msgs/share/ament_index/resource_index/parent_prefix_path/person_msgs
[3.711s] -- Up-to-date: /home/zhang/ros2_ws/install/person_msgs/share/person_msgs/environment/ament_prefix_path.sh
[3.711s] -- Installing: /home/zhang/ros2_ws/install/person_msgs/share/person_msgs/environment/ament_prefix_path.dsv
[3.711s] -- Up-to-date: /home/zhang/ros2_ws/install/person_msgs/share/person_msgs/environment/path.sh
[3.711s] -- Installing: /home/zhang/ros2_ws/install/person_msgs/share/person_msgs/environment/path.dsv
[3.711s] -- Up-to-date: /home/zhang/ros2_ws/install/person_msgs/share/person_msgs/local_setup.bash
[3.711s] -- Up-to-date: /home/zhang/ros2_ws/install/person_msgs/share/person_msgs/local_setup.sh
[3.711s] -- Up-to-date: /home/zhang/ros2_ws/install/person_msgs/share/person_msgs/local_setup.zsh
[3.712s] -- Installing: /home/zhang/ros2_ws/install/person_msgs/share/person_msgs/local_setup.dsv
[3.712s] -- Installing: /home/zhang/ros2_ws/install/person_msgs/share/person_msgs/package.dsv
[3.712s] -- Up-to-date: /home/zhang/ros2_ws/install/person_msgs/share/ament_index/resource_index/packages/person_msgs
[3.712s] -- Up-to-date: /home/zhang/ros2_ws/install/person_msgs/share/person_msgs/cmake/person_msgs__rosidl_generator_cExport.cmake
[3.712s] -- Installing: /home/zhang/ros2_ws/install/person_msgs/share/person_msgs/cmake/person_msgs__rosidl_generator_cExport-noconfig.cmake
[3.712s] -- Up-to-date: /home/zhang/ros2_ws/install/person_msgs/share/person_msgs/cmake/person_msgs__rosidl_typesupport_introspection_cExport.cmake
[3.712s] -- Installing: /home/zhang/ros2_ws/install/person_msgs/share/person_msgs/cmake/person_msgs__rosidl_typesupport_introspection_cExport-noconfig.cmake
[3.712s] -- Up-to-date: /home/zhang/ros2_ws/install/person_msgs/share/person_msgs/cmake/person_msgs__rosidl_typesupport_cExport.cmake
[3.713s] -- Installing: /home/zhang/ros2_ws/install/person_msgs/share/person_msgs/cmake/person_msgs__rosidl_typesupport_cExport-noconfig.cmake
[3.713s] -- Up-to-date: /home/zhang/ros2_ws/install/person_msgs/share/person_msgs/cmake/person_msgs__rosidl_generator_cppExport.cmake
[3.713s] -- Up-to-date: /home/zhang/ros2_ws/install/person_msgs/share/person_msgs/cmake/person_msgs__rosidl_typesupport_introspection_cppExport.cmake
[3.713s] -- Installing: /home/zhang/ros2_ws/install/person_msgs/share/person_msgs/cmake/person_msgs__rosidl_typesupport_introspection_cppExport-noconfig.cmake
[3.713s] -- Up-to-date: /home/zhang/ros2_ws/install/person_msgs/share/person_msgs/cmake/person_msgs__rosidl_typesupport_cppExport.cmake
[3.713s] -- Installing: /home/zhang/ros2_ws/install/person_msgs/share/person_msgs/cmake/person_msgs__rosidl_typesupport_cppExport-noconfig.cmake
[3.713s] -- Installing: /home/zhang/ros2_ws/install/person_msgs/share/person_msgs/cmake/rosidl_cmake-extras.cmake
[3.713s] -- Up-to-date: /home/zhang/ros2_ws/install/person_msgs/share/person_msgs/cmake/ament_cmake_export_dependencies-extras.cmake
[3.713s] -- Up-to-date: /home/zhang/ros2_ws/install/person_msgs/share/person_msgs/cmake/ament_cmake_export_libraries-extras.cmake
[3.713s] -- Up-to-date: /home/zhang/ros2_ws/install/person_msgs/share/person_msgs/cmake/ament_cmake_export_targets-extras.cmake
[3.713s] -- Up-to-date: /home/zhang/ros2_ws/install/person_msgs/share/person_msgs/cmake/ament_cmake_export_include_directories-extras.cmake
[3.713s] -- Up-to-date: /home/zhang/ros2_ws/install/person_msgs/share/person_msgs/cmake/rosidl_cmake_export_typesupport_libraries-extras.cmake
[3.713s] -- Up-to-date: /home/zhang/ros2_ws/install/person_msgs/share/person_msgs/cmake/rosidl_cmake_export_typesupport_targets-extras.cmake
[3.713s] -- Up-to-date: /home/zhang/ros2_ws/install/person_msgs/share/person_msgs/cmake/person_msgsConfig.cmake
[3.713s] -- Up-to-date: /home/zhang/ros2_ws/install/person_msgs/share/person_msgs/cmake/person_msgsConfig-version.cmake
[3.713s] -- Installing: /home/zhang/ros2_ws/install/person_msgs/share/person_msgs/package.xml
[3.715s] Invoked command in '/home/zhang/ros2_ws/build/person_msgs' returned '0': CMAKE_PREFIX_PATH=${CMAKE_PREFIX_PATH}:/home/zhang/ros2_ws/install/mypkg:/opt/ros/foxy /usr/bin/cmake --install /home/zhang/ros2_ws/build/person_msgs
