[1.622s] DEBUG:colcon:Command line arguments: ['/usr/bin/colcon', 'build']
[1.622s] DEBUG:colcon:Parsed command line arguments: Namespace(allow_overriding=[], ament_cmake_args=None, base_paths=['.'], build_base='build', catkin_cmake_args=None, catkin_skip_building_tests=False, cmake_args=None, cmake_clean_cache=False, cmake_clean_first=False, cmake_force_configure=False, cmake_target=None, cmake_target_skip_unavailable=False, continue_on_error=False, event_handlers=None, executor='parallel', ignore_user_meta=False, install_base='install', log_base=None, log_level=None, main=<bound method BuildVerb.main of <colcon_core.verb.build.BuildVerb object at 0x7fe2943f5b20>>, merge_install=False, metas=['./colcon.meta'], packages_above=None, packages_above_and_dependencies=None, packages_above_depth=None, packages_end=None, packages_ignore=None, packages_ignore_regex=None, packages_select=None, packages_select_build_failed=False, packages_select_by_dep=None, packages_select_regex=None, packages_select_test_failures=False, packages_skip=None, packages_skip_build_finished=False, packages_skip_by_dep=None, packages_skip_regex=None, packages_skip_test_passed=False, packages_skip_up_to=None, packages_start=None, packages_up_to=None, packages_up_to_regex=None, parallel_workers=8, paths=None, symlink_install=False, test_result_base=None, verb_extension=<colcon_core.verb.build.BuildVerb object at 0x7fe2943f5b20>, verb_name='build', verb_parser=<colcon_defaults.argument_parser.defaults.DefaultArgumentsDecorator object at 0x7fe2940525e0>)
[1.698s] Level 1:colcon.colcon_core.package_discovery:discover_packages(colcon_meta) check parameters
[1.698s] Level 1:colcon.colcon_core.package_discovery:discover_packages(recursive) check parameters
[1.698s] Level 1:colcon.colcon_core.package_discovery:discover_packages(ignore) check parameters
[1.699s] Level 1:colcon.colcon_core.package_discovery:discover_packages(path) check parameters
[1.699s] Level 1:colcon.colcon_core.package_discovery:discover_packages(colcon_meta) discover
[1.699s] Level 1:colcon.colcon_core.package_discovery:discover_packages(recursive) discover
[1.699s] INFO:colcon.colcon_core.package_discovery:Crawling recursively for packages in '/home/zhang/ros2_ws'
[1.699s] Level 1:colcon.colcon_core.package_identification:_identify(.) by extensions ['ignore', 'ignore_ament_install']
[1.699s] Level 1:colcon.colcon_core.package_identification:_identify(.) by extension 'ignore'
[1.699s] Level 1:colcon.colcon_core.package_identification:_identify(.) by extension 'ignore_ament_install'
[1.699s] Level 1:colcon.colcon_core.package_identification:_identify(.) by extensions ['colcon_pkg']
[1.699s] Level 1:colcon.colcon_core.package_identification:_identify(.) by extension 'colcon_pkg'
[1.699s] Level 1:colcon.colcon_core.package_identification:_identify(.) by extensions ['colcon_meta']
[1.699s] Level 1:colcon.colcon_core.package_identification:_identify(.) by extension 'colcon_meta'
[1.699s] Level 1:colcon.colcon_core.package_identification:_identify(.) by extensions ['ros']
[1.699s] Level 1:colcon.colcon_core.package_identification:_identify(.) by extension 'ros'
[1.710s] Level 1:colcon.colcon_core.package_identification:_identify(.) by extensions ['cmake', 'python']
[1.710s] Level 1:colcon.colcon_core.package_identification:_identify(.) by extension 'cmake'
[1.710s] Level 1:colcon.colcon_core.package_identification:_identify(.) by extension 'python'
[1.710s] Level 1:colcon.colcon_core.package_identification:_identify(.) by extensions ['python_setup_py']
[1.710s] Level 1:colcon.colcon_core.package_identification:_identify(.) by extension 'python_setup_py'
[1.711s] Level 1:colcon.colcon_core.package_identification:_identify(build) by extensions ['ignore', 'ignore_ament_install']
[1.711s] Level 1:colcon.colcon_core.package_identification:_identify(build) by extension 'ignore'
[1.711s] Level 1:colcon.colcon_core.package_identification:_identify(build) ignored
[1.711s] Level 1:colcon.colcon_core.package_identification:_identify(install) by extensions ['ignore', 'ignore_ament_install']
[1.711s] Level 1:colcon.colcon_core.package_identification:_identify(install) by extension 'ignore'
[1.711s] Level 1:colcon.colcon_core.package_identification:_identify(install) ignored
[1.711s] Level 1:colcon.colcon_core.package_identification:_identify(log) by extensions ['ignore', 'ignore_ament_install']
[1.711s] Level 1:colcon.colcon_core.package_identification:_identify(log) by extension 'ignore'
[1.711s] Level 1:colcon.colcon_core.package_identification:_identify(log) ignored
[1.711s] Level 1:colcon.colcon_core.package_identification:_identify(src) by extensions ['ignore', 'ignore_ament_install']
[1.711s] Level 1:colcon.colcon_core.package_identification:_identify(src) by extension 'ignore'
[1.711s] Level 1:colcon.colcon_core.package_identification:_identify(src) by extension 'ignore_ament_install'
[1.711s] Level 1:colcon.colcon_core.package_identification:_identify(src) by extensions ['colcon_pkg']
[1.711s] Level 1:colcon.colcon_core.package_identification:_identify(src) by extension 'colcon_pkg'
[1.711s] Level 1:colcon.colcon_core.package_identification:_identify(src) by extensions ['colcon_meta']
[1.711s] Level 1:colcon.colcon_core.package_identification:_identify(src) by extension 'colcon_meta'
[1.711s] Level 1:colcon.colcon_core.package_identification:_identify(src) by extensions ['ros']
[1.711s] Level 1:colcon.colcon_core.package_identification:_identify(src) by extension 'ros'
[1.711s] Level 1:colcon.colcon_core.package_identification:_identify(src) by extensions ['cmake', 'python']
[1.711s] Level 1:colcon.colcon_core.package_identification:_identify(src) by extension 'cmake'
[1.712s] Level 1:colcon.colcon_core.package_identification:_identify(src) by extension 'python'
[1.712s] Level 1:colcon.colcon_core.package_identification:_identify(src) by extensions ['python_setup_py']
[1.712s] Level 1:colcon.colcon_core.package_identification:_identify(src) by extension 'python_setup_py'
[1.712s] Level 1:colcon.colcon_core.package_identification:_identify(src/mypkg) by extensions ['ignore', 'ignore_ament_install']
[1.712s] Level 1:colcon.colcon_core.package_identification:_identify(src/mypkg) by extension 'ignore'
[1.712s] Level 1:colcon.colcon_core.package_identification:_identify(src/mypkg) by extension 'ignore_ament_install'
[1.712s] Level 1:colcon.colcon_core.package_identification:_identify(src/mypkg) by extensions ['colcon_pkg']
[1.712s] Level 1:colcon.colcon_core.package_identification:_identify(src/mypkg) by extension 'colcon_pkg'
[1.712s] Level 1:colcon.colcon_core.package_identification:_identify(src/mypkg) by extensions ['colcon_meta']
[1.712s] Level 1:colcon.colcon_core.package_identification:_identify(src/mypkg) by extension 'colcon_meta'
[1.712s] Level 1:colcon.colcon_core.package_identification:_identify(src/mypkg) by extensions ['ros']
[1.712s] Level 1:colcon.colcon_core.package_identification:_identify(src/mypkg) by extension 'ros'
[1.714s] DEBUG:colcon.colcon_core.package_identification:Package 'src/mypkg' with type 'ros.ament_python' and name 'mypkg'
[1.714s] Level 1:colcon.colcon_core.package_identification:_identify(src/person_msgs) by extensions ['ignore', 'ignore_ament_install']
[1.715s] Level 1:colcon.colcon_core.package_identification:_identify(src/person_msgs) by extension 'ignore'
[1.715s] Level 1:colcon.colcon_core.package_identification:_identify(src/person_msgs) by extension 'ignore_ament_install'
[1.715s] Level 1:colcon.colcon_core.package_identification:_identify(src/person_msgs) by extensions ['colcon_pkg']
[1.715s] Level 1:colcon.colcon_core.package_identification:_identify(src/person_msgs) by extension 'colcon_pkg'
[1.715s] Level 1:colcon.colcon_core.package_identification:_identify(src/person_msgs) by extensions ['colcon_meta']
[1.715s] Level 1:colcon.colcon_core.package_identification:_identify(src/person_msgs) by extension 'colcon_meta'
[1.715s] Level 1:colcon.colcon_core.package_identification:_identify(src/person_msgs) by extensions ['ros']
[1.715s] Level 1:colcon.colcon_core.package_identification:_identify(src/person_msgs) by extension 'ros'
[1.715s] DEBUG:colcon.colcon_core.package_identification:Package 'src/person_msgs' with type 'ros.ament_cmake' and name 'person_msgs'
[1.715s] Level 1:colcon.colcon_core.package_discovery:discover_packages(recursive) using defaults
[1.715s] Level 1:colcon.colcon_core.package_discovery:discover_packages(ignore) discover
[1.715s] Level 1:colcon.colcon_core.package_discovery:discover_packages(ignore) using defaults
[1.715s] Level 1:colcon.colcon_core.package_discovery:discover_packages(path) discover
[1.715s] Level 1:colcon.colcon_core.package_discovery:discover_packages(path) using defaults
[1.864s] Level 1:colcon.colcon_core.package_discovery:discover_packages(prefix_path) check parameters
[1.864s] Level 1:colcon.colcon_core.package_discovery:discover_packages(prefix_path) discover
[1.913s] DEBUG:colcon.colcon_installed_package_information.package_discovery:Found 2 installed packages in /home/zhang/ros2_ws/install
[1.938s] DEBUG:colcon.colcon_installed_package_information.package_discovery:Found 256 installed packages in /opt/ros/foxy
[1.939s] Level 1:colcon.colcon_core.package_discovery:discover_packages(prefix_path) using defaults
[2.056s] Level 5:colcon.colcon_core.verb:set package 'mypkg' build argument 'cmake_args' from command line to 'None'
[2.056s] Level 5:colcon.colcon_core.verb:set package 'mypkg' build argument 'cmake_target' from command line to 'None'
[2.056s] Level 5:colcon.colcon_core.verb:set package 'mypkg' build argument 'cmake_target_skip_unavailable' from command line to 'False'
[2.056s] Level 5:colcon.colcon_core.verb:set package 'mypkg' build argument 'cmake_clean_cache' from command line to 'False'
[2.056s] Level 5:colcon.colcon_core.verb:set package 'mypkg' build argument 'cmake_clean_first' from command line to 'False'
[2.056s] Level 5:colcon.colcon_core.verb:set package 'mypkg' build argument 'cmake_force_configure' from command line to 'False'
[2.056s] Level 5:colcon.colcon_core.verb:set package 'mypkg' build argument 'ament_cmake_args' from command line to 'None'
[2.056s] Level 5:colcon.colcon_core.verb:set package 'mypkg' build argument 'catkin_cmake_args' from command line to 'None'
[2.056s] Level 5:colcon.colcon_core.verb:set package 'mypkg' build argument 'catkin_skip_building_tests' from command line to 'False'
[2.056s] DEBUG:colcon.colcon_core.verb:Building package 'mypkg' with the following arguments: {'ament_cmake_args': None, 'build_base': '/home/zhang/ros2_ws/build/mypkg', 'catkin_cmake_args': None, 'catkin_skip_building_tests': False, 'cmake_args': None, 'cmake_clean_cache': False, 'cmake_clean_first': False, 'cmake_force_configure': False, 'cmake_target': None, 'cmake_target_skip_unavailable': False, 'install_base': '/home/zhang/ros2_ws/install/mypkg', 'merge_install': False, 'path': '/home/zhang/ros2_ws/src/mypkg', 'symlink_install': False, 'test_result_base': None}
[2.080s] Level 5:colcon.colcon_core.verb:set package 'person_msgs' build argument 'cmake_args' from command line to 'None'
[2.080s] Level 5:colcon.colcon_core.verb:set package 'person_msgs' build argument 'cmake_target' from command line to 'None'
[2.080s] Level 5:colcon.colcon_core.verb:set package 'person_msgs' build argument 'cmake_target_skip_unavailable' from command line to 'False'
[2.080s] Level 5:colcon.colcon_core.verb:set package 'person_msgs' build argument 'cmake_clean_cache' from command line to 'False'
[2.080s] Level 5:colcon.colcon_core.verb:set package 'person_msgs' build argument 'cmake_clean_first' from command line to 'False'
[2.080s] Level 5:colcon.colcon_core.verb:set package 'person_msgs' build argument 'cmake_force_configure' from command line to 'False'
[2.080s] Level 5:colcon.colcon_core.verb:set package 'person_msgs' build argument 'ament_cmake_args' from command line to 'None'
[2.080s] Level 5:colcon.colcon_core.verb:set package 'person_msgs' build argument 'catkin_cmake_args' from command line to 'None'
[2.080s] Level 5:colcon.colcon_core.verb:set package 'person_msgs' build argument 'catkin_skip_building_tests' from command line to 'False'
[2.080s] DEBUG:colcon.colcon_core.verb:Building package 'person_msgs' with the following arguments: {'ament_cmake_args': None, 'build_base': '/home/zhang/ros2_ws/build/person_msgs', 'catkin_cmake_args': None, 'catkin_skip_building_tests': False, 'cmake_args': None, 'cmake_clean_cache': False, 'cmake_clean_first': False, 'cmake_force_configure': False, 'cmake_target': None, 'cmake_target_skip_unavailable': False, 'install_base': '/home/zhang/ros2_ws/install/person_msgs', 'merge_install': False, 'path': '/home/zhang/ros2_ws/src/person_msgs', 'symlink_install': False, 'test_result_base': None}
[2.103s] INFO:colcon.colcon_core.executor:Executing jobs using 'parallel' executor
[2.128s] DEBUG:colcon.colcon_parallel_executor.executor.parallel:run_until_complete
[2.128s] INFO:colcon.colcon_ros.task.ament_python.build:Building ROS package in '/home/zhang/ros2_ws/src/mypkg' with build type 'ament_python'
[2.129s] Level 1:colcon.colcon_core.shell:create_environment_hook('mypkg', 'ament_prefix_path')
[2.158s] INFO:colcon.colcon_core.plugin_system:Skipping extension 'colcon_core.shell.bat': Not used on non-Windows systems
[2.158s] INFO:colcon.colcon_core.shell:Creating environment hook '/home/zhang/ros2_ws/install/mypkg/share/mypkg/hook/ament_prefix_path.ps1'
[2.159s] INFO:colcon.colcon_core.shell:Creating environment descriptor '/home/zhang/ros2_ws/install/mypkg/share/mypkg/hook/ament_prefix_path.dsv'
[2.159s] INFO:colcon.colcon_core.shell:Creating environment hook '/home/zhang/ros2_ws/install/mypkg/share/mypkg/hook/ament_prefix_path.sh'
[2.185s] INFO:colcon.colcon_core.shell:Skip shell extension 'powershell' for command environment: Not usable outside of PowerShell
[2.185s] DEBUG:colcon.colcon_core.shell:Skip shell extension 'dsv' for command environment
[2.269s] INFO:colcon.colcon_ros.task.ament_cmake.build:Building ROS package in '/home/zhang/ros2_ws/src/person_msgs' with build type 'ament_cmake'
[2.270s] INFO:colcon.colcon_cmake.task.cmake.build:Building CMake package in '/home/zhang/ros2_ws/src/person_msgs'
[2.305s] INFO:colcon.colcon_core.shell:Skip shell extension 'powershell' for command environment: Not usable outside of PowerShell
[2.305s] DEBUG:colcon.colcon_core.shell:Skip shell extension 'dsv' for command environment
[2.587s] INFO:colcon.colcon_core.task.python.build:Building Python package in '/home/zhang/ros2_ws/src/mypkg'
[2.613s] INFO:colcon.colcon_core.shell:Skip shell extension 'powershell' for command environment: Not usable outside of PowerShell
[2.614s] DEBUG:colcon.colcon_core.shell:Skip shell extension 'dsv' for command environment
[2.717s] DEBUG:colcon.colcon_core.event_handler.log_command:Invoking command in '/home/zhang/ros2_ws/build/person_msgs': CMAKE_PREFIX_PATH=${CMAKE_PREFIX_PATH}:/home/zhang/ros2_ws/install/mypkg:/opt/ros/foxy /usr/bin/cmake --build /home/zhang/ros2_ws/build/person_msgs -- -j8 -l8
[2.934s] DEBUG:colcon.colcon_core.event_handler.log_command:Invoked command in '/home/zhang/ros2_ws/build/person_msgs' returned '0': CMAKE_PREFIX_PATH=${CMAKE_PREFIX_PATH}:/home/zhang/ros2_ws/install/mypkg:/opt/ros/foxy /usr/bin/cmake --build /home/zhang/ros2_ws/build/person_msgs -- -j8 -l8
[2.996s] DEBUG:colcon.colcon_core.event_handler.log_command:Invoking command in '/home/zhang/ros2_ws/build/person_msgs': CMAKE_PREFIX_PATH=${CMAKE_PREFIX_PATH}:/home/zhang/ros2_ws/install/mypkg:/opt/ros/foxy /usr/bin/cmake --install /home/zhang/ros2_ws/build/person_msgs
[3.054s] Level 1:colcon.colcon_core.environment:create_environment_scripts_only(person_msgs)
[3.055s] DEBUG:colcon.colcon_core.event_handler.log_command:Invoked command in '/home/zhang/ros2_ws/build/person_msgs' returned '0': CMAKE_PREFIX_PATH=${CMAKE_PREFIX_PATH}:/home/zhang/ros2_ws/install/mypkg:/opt/ros/foxy /usr/bin/cmake --install /home/zhang/ros2_ws/build/person_msgs
[3.084s] Level 1:colcon.colcon_core.environment:checking '/home/zhang/ros2_ws/install/person_msgs' for CMake module files
[3.084s] Level 1:colcon.colcon_core.environment:checking '/home/zhang/ros2_ws/install/person_msgs' for CMake config files
[3.085s] Level 1:colcon.colcon_core.shell:create_environment_hook('person_msgs', 'cmake_prefix_path')
[3.110s] INFO:colcon.colcon_core.shell:Creating environment hook '/home/zhang/ros2_ws/install/person_msgs/share/person_msgs/hook/cmake_prefix_path.ps1'
[3.110s] INFO:colcon.colcon_core.shell:Creating environment descriptor '/home/zhang/ros2_ws/install/person_msgs/share/person_msgs/hook/cmake_prefix_path.dsv'
[3.110s] INFO:colcon.colcon_core.shell:Creating environment hook '/home/zhang/ros2_ws/install/person_msgs/share/person_msgs/hook/cmake_prefix_path.sh'
[3.111s] Level 1:colcon.colcon_core.environment:checking '/home/zhang/ros2_ws/install/person_msgs/lib'
[3.111s] Level 1:colcon.colcon_core.shell:create_environment_hook('person_msgs', 'ld_library_path_lib')
[3.136s] INFO:colcon.colcon_core.shell:Creating environment hook '/home/zhang/ros2_ws/install/person_msgs/share/person_msgs/hook/ld_library_path_lib.ps1'
[3.137s] INFO:colcon.colcon_core.shell:Creating environment descriptor '/home/zhang/ros2_ws/install/person_msgs/share/person_msgs/hook/ld_library_path_lib.dsv'
[3.137s] INFO:colcon.colcon_core.shell:Creating environment hook '/home/zhang/ros2_ws/install/person_msgs/share/person_msgs/hook/ld_library_path_lib.sh'
[3.137s] Level 1:colcon.colcon_core.environment:checking '/home/zhang/ros2_ws/install/person_msgs/bin'
[3.137s] Level 1:colcon.colcon_core.environment:checking '/home/zhang/ros2_ws/install/person_msgs/lib/pkgconfig/person_msgs.pc'
[3.137s] Level 1:colcon.colcon_core.environment:checking '/home/zhang/ros2_ws/install/person_msgs/lib/python3.8/site-packages'
[3.138s] Level 1:colcon.colcon_core.shell:create_environment_hook('person_msgs', 'pythonpath')
[3.163s] INFO:colcon.colcon_core.shell:Creating environment hook '/home/zhang/ros2_ws/install/person_msgs/share/person_msgs/hook/pythonpath.ps1'
[3.163s] INFO:colcon.colcon_core.shell:Creating environment descriptor '/home/zhang/ros2_ws/install/person_msgs/share/person_msgs/hook/pythonpath.dsv'
[3.163s] INFO:colcon.colcon_core.shell:Creating environment hook '/home/zhang/ros2_ws/install/person_msgs/share/person_msgs/hook/pythonpath.sh'
[3.164s] Level 1:colcon.colcon_core.environment:checking '/home/zhang/ros2_ws/install/person_msgs/bin'
[3.192s] INFO:colcon.colcon_core.shell:Creating package script '/home/zhang/ros2_ws/install/person_msgs/share/person_msgs/package.ps1'
[3.193s] INFO:colcon.colcon_core.shell:Creating package descriptor '/home/zhang/ros2_ws/install/person_msgs/share/person_msgs/package.dsv'
[3.194s] INFO:colcon.colcon_core.shell:Creating package script '/home/zhang/ros2_ws/install/person_msgs/share/person_msgs/package.sh'
[3.195s] INFO:colcon.colcon_core.shell:Creating package script '/home/zhang/ros2_ws/install/person_msgs/share/person_msgs/package.bash'
[3.196s] INFO:colcon.colcon_core.shell:Creating package script '/home/zhang/ros2_ws/install/person_msgs/share/person_msgs/package.zsh'
[3.196s] Level 1:colcon.colcon_core.environment:create_file_with_runtime_dependencies(/home/zhang/ros2_ws/install/person_msgs/share/colcon-core/packages/person_msgs)
[3.205s] DEBUG:colcon.colcon_core.event_handler.log_command:Invoking command in '/home/zhang/ros2_ws/src/mypkg': PYTHONPATH=/home/zhang/ros2_ws/build/mypkg/prefix_override:/home/zhang/ros2_ws/install/mypkg/lib/python3.8/site-packages:${PYTHONPATH} /usr/bin/python3 setup.py egg_info --egg-base ../../build/mypkg build --build-base /home/zhang/ros2_ws/build/mypkg/build install --record /home/zhang/ros2_ws/build/mypkg/install.log --install-scripts $base/lib/mypkg --single-version-externally-managed
[3.284s] Level 1:colcon.colcon_core.environment:create_environment_scripts_only(person_msgs)
[3.322s] Level 1:colcon.colcon_core.environment:checking '/home/zhang/ros2_ws/install/person_msgs' for CMake module files
[3.322s] Level 1:colcon.colcon_core.environment:checking '/home/zhang/ros2_ws/install/person_msgs' for CMake config files
[3.323s] Level 1:colcon.colcon_core.shell:create_environment_hook('person_msgs', 'cmake_prefix_path')
[3.352s] INFO:colcon.colcon_core.shell:Creating environment hook '/home/zhang/ros2_ws/install/person_msgs/share/person_msgs/hook/cmake_prefix_path.ps1'
[3.353s] INFO:colcon.colcon_core.shell:Creating environment descriptor '/home/zhang/ros2_ws/install/person_msgs/share/person_msgs/hook/cmake_prefix_path.dsv'
[3.353s] INFO:colcon.colcon_core.shell:Creating environment hook '/home/zhang/ros2_ws/install/person_msgs/share/person_msgs/hook/cmake_prefix_path.sh'
[3.353s] Level 1:colcon.colcon_core.environment:checking '/home/zhang/ros2_ws/install/person_msgs/lib'
[3.354s] Level 1:colcon.colcon_core.shell:create_environment_hook('person_msgs', 'ld_library_path_lib')
[3.381s] INFO:colcon.colcon_core.shell:Creating environment hook '/home/zhang/ros2_ws/install/person_msgs/share/person_msgs/hook/ld_library_path_lib.ps1'
[3.382s] INFO:colcon.colcon_core.shell:Creating environment descriptor '/home/zhang/ros2_ws/install/person_msgs/share/person_msgs/hook/ld_library_path_lib.dsv'
[3.382s] INFO:colcon.colcon_core.shell:Creating environment hook '/home/zhang/ros2_ws/install/person_msgs/share/person_msgs/hook/ld_library_path_lib.sh'
[3.382s] Level 1:colcon.colcon_core.environment:checking '/home/zhang/ros2_ws/install/person_msgs/bin'
[3.382s] Level 1:colcon.colcon_core.environment:checking '/home/zhang/ros2_ws/install/person_msgs/lib/pkgconfig/person_msgs.pc'
[3.382s] Level 1:colcon.colcon_core.environment:checking '/home/zhang/ros2_ws/install/person_msgs/lib/python3.8/site-packages'
[3.382s] Level 1:colcon.colcon_core.shell:create_environment_hook('person_msgs', 'pythonpath')
[3.421s] INFO:colcon.colcon_core.shell:Creating environment hook '/home/zhang/ros2_ws/install/person_msgs/share/person_msgs/hook/pythonpath.ps1'
[3.421s] INFO:colcon.colcon_core.shell:Creating environment descriptor '/home/zhang/ros2_ws/install/person_msgs/share/person_msgs/hook/pythonpath.dsv'
[3.422s] INFO:colcon.colcon_core.shell:Creating environment hook '/home/zhang/ros2_ws/install/person_msgs/share/person_msgs/hook/pythonpath.sh'
[3.422s] Level 1:colcon.colcon_core.environment:checking '/home/zhang/ros2_ws/install/person_msgs/bin'
[3.455s] INFO:colcon.colcon_core.shell:Creating package script '/home/zhang/ros2_ws/install/person_msgs/share/person_msgs/package.ps1'
[3.456s] INFO:colcon.colcon_core.shell:Creating package descriptor '/home/zhang/ros2_ws/install/person_msgs/share/person_msgs/package.dsv'
[3.456s] INFO:colcon.colcon_core.shell:Creating package script '/home/zhang/ros2_ws/install/person_msgs/share/person_msgs/package.sh'
[3.456s] INFO:colcon.colcon_core.shell:Creating package script '/home/zhang/ros2_ws/install/person_msgs/share/person_msgs/package.bash'
[3.457s] INFO:colcon.colcon_core.shell:Creating package script '/home/zhang/ros2_ws/install/person_msgs/share/person_msgs/package.zsh'
[3.457s] Level 1:colcon.colcon_core.environment:create_file_with_runtime_dependencies(/home/zhang/ros2_ws/install/person_msgs/share/colcon-core/packages/person_msgs)
[3.482s] DEBUG:colcon.colcon_core.event_handler.log_command:Invoked command in '/home/zhang/ros2_ws/src/mypkg' returned '0': PYTHONPATH=/home/zhang/ros2_ws/build/mypkg/prefix_override:/home/zhang/ros2_ws/install/mypkg/lib/python3.8/site-packages:${PYTHONPATH} /usr/bin/python3 setup.py egg_info --egg-base ../../build/mypkg build --build-base /home/zhang/ros2_ws/build/mypkg/build install --record /home/zhang/ros2_ws/build/mypkg/install.log --install-scripts $base/lib/mypkg --single-version-externally-managed
[3.510s] Level 1:colcon.colcon_core.environment:checking '/home/zhang/ros2_ws/install/mypkg' for CMake module files
[3.511s] Level 1:colcon.colcon_core.environment:checking '/home/zhang/ros2_ws/install/mypkg' for CMake config files
[3.511s] Level 1:colcon.colcon_core.environment:checking '/home/zhang/ros2_ws/install/mypkg/lib'
[3.511s] Level 1:colcon.colcon_core.environment:checking '/home/zhang/ros2_ws/install/mypkg/bin'
[3.511s] Level 1:colcon.colcon_core.environment:checking '/home/zhang/ros2_ws/install/mypkg/lib/pkgconfig/mypkg.pc'
[3.512s] Level 1:colcon.colcon_core.environment:checking '/home/zhang/ros2_ws/install/mypkg/lib/python3.8/site-packages'
[3.512s] Level 1:colcon.colcon_core.shell:create_environment_hook('mypkg', 'pythonpath')
[3.545s] INFO:colcon.colcon_core.shell:Creating environment hook '/home/zhang/ros2_ws/install/mypkg/share/mypkg/hook/pythonpath.ps1'
[3.546s] INFO:colcon.colcon_core.shell:Creating environment descriptor '/home/zhang/ros2_ws/install/mypkg/share/mypkg/hook/pythonpath.dsv'
[3.546s] INFO:colcon.colcon_core.shell:Creating environment hook '/home/zhang/ros2_ws/install/mypkg/share/mypkg/hook/pythonpath.sh'
[3.547s] Level 1:colcon.colcon_core.environment:checking '/home/zhang/ros2_ws/install/mypkg/bin'
[3.547s] Level 1:colcon.colcon_core.environment:create_environment_scripts_only(mypkg)
[3.591s] INFO:colcon.colcon_core.shell:Creating package script '/home/zhang/ros2_ws/install/mypkg/share/mypkg/package.ps1'
[3.592s] INFO:colcon.colcon_core.shell:Creating package descriptor '/home/zhang/ros2_ws/install/mypkg/share/mypkg/package.dsv'
[3.592s] INFO:colcon.colcon_core.shell:Creating package script '/home/zhang/ros2_ws/install/mypkg/share/mypkg/package.sh'
[3.593s] INFO:colcon.colcon_core.shell:Creating package script '/home/zhang/ros2_ws/install/mypkg/share/mypkg/package.bash'
[3.594s] INFO:colcon.colcon_core.shell:Creating package script '/home/zhang/ros2_ws/install/mypkg/share/mypkg/package.zsh'
[3.594s] Level 1:colcon.colcon_core.environment:create_file_with_runtime_dependencies(/home/zhang/ros2_ws/install/mypkg/share/colcon-core/packages/mypkg)
[3.595s] DEBUG:colcon.colcon_parallel_executor.executor.parallel:closing loop
[3.595s] DEBUG:colcon.colcon_parallel_executor.executor.parallel:loop closed
[3.595s] DEBUG:colcon.colcon_parallel_executor.executor.parallel:run_until_complete finished with '0'
[3.595s] DEBUG:colcon.colcon_core.event_reactor:joining thread
[3.702s] INFO:colcon.colcon_core.plugin_system:Skipping extension 'colcon_notification.desktop_notification.notify_send': Could not find 'notify-send'
[3.702s] INFO:colcon.colcon_core.plugin_system:Skipping extension 'colcon_notification.desktop_notification.terminal_notifier': Not used on non-Darwin systems
[3.702s] INFO:colcon.colcon_core.plugin_system:Skipping extension 'colcon_notification.desktop_notification.win32': Not used on non-Windows systems
[3.702s] INFO:colcon.colcon_notification.desktop_notification:Sending desktop notification using 'notify2'
[3.712s] DEBUG:colcon.colcon_notification.desktop_notification.notify2:Failed to initialize notify2: org.freedesktop.DBus.Error.ServiceUnknown: The name org.freedesktop.Notifications was not provided by any .service files
[3.713s] DEBUG:colcon.colcon_core.event_reactor:joined thread
[3.745s] INFO:colcon.colcon_core.shell:Creating prefix script '/home/zhang/ros2_ws/install/local_setup.ps1'
[3.746s] INFO:colcon.colcon_core.shell:Creating prefix util module '/home/zhang/ros2_ws/install/_local_setup_util_ps1.py'
[3.747s] INFO:colcon.colcon_core.shell:Creating prefix chain script '/home/zhang/ros2_ws/install/setup.ps1'
[3.773s] INFO:colcon.colcon_core.shell:Creating prefix script '/home/zhang/ros2_ws/install/local_setup.sh'
[3.774s] INFO:colcon.colcon_core.shell:Creating prefix util module '/home/zhang/ros2_ws/install/_local_setup_util_sh.py'
[3.774s] INFO:colcon.colcon_core.shell:Creating prefix chain script '/home/zhang/ros2_ws/install/setup.sh'
[3.800s] INFO:colcon.colcon_core.shell:Creating prefix script '/home/zhang/ros2_ws/install/local_setup.bash'
[3.800s] INFO:colcon.colcon_core.shell:Creating prefix chain script '/home/zhang/ros2_ws/install/setup.bash'
[3.835s] INFO:colcon.colcon_core.shell:Creating prefix script '/home/zhang/ros2_ws/install/local_setup.zsh'
[3.835s] INFO:colcon.colcon_core.shell:Creating prefix chain script '/home/zhang/ros2_ws/install/setup.zsh'
