[0.267s] Invoking command in '/home/zhang/ros2_ws/build/person_msgs': CMAKE_PREFIX_PATH=${CMAKE_PREFIX_PATH}:/home/zhang/ros2_ws/install/mypkg:/opt/ros/foxy /usr/bin/cmake --build /home/zhang/ros2_ws/build/person_msgs -- -j8 -l8
[0.283s] -- Found ament_cmake: 0.9.12 (/opt/ros/foxy/share/ament_cmake/cmake)
[0.296s] -- Found PythonInterp: /usr/bin/python3 (found suitable version "3.8.10", minimum required is "3") 
[0.296s] -- Using PYTHON_EXECUTABLE: /usr/bin/python3
[0.407s] -- Found rosidl_default_generators: 1.0.1 (/opt/ros/foxy/share/rosidl_default_generators/cmake)
[0.408s] -- Using all available rosidl_typesupport_c: rosidl_typesupport_fastrtps_c;rosidl_typesupport_introspection_c
[0.410s] -- Found rosidl_adapter: 1.3.1 (/opt/ros/foxy/share/rosidl_adapter/cmake)
[1.947s] -- Using all available rosidl_typesupport_cpp: rosidl_typesupport_fastrtps_cpp;rosidl_typesupport_introspection_cpp
[1.978s] -- Found PythonInterp: /usr/bin/python3 (found version "3.8.10") 
[2.055s] -- Found ament_cmake_ros: 0.9.2 (/opt/ros/foxy/share/ament_cmake_ros/cmake)
[3.522s] -- Using all available rosidl_typesupport_c: rosidl_typesupport_fastrtps_c;rosidl_typesupport_introspection_c
[3.528s] -- Using all available rosidl_typesupport_cpp: rosidl_typesupport_fastrtps_cpp;rosidl_typesupport_introspection_cpp
[3.543s] -- Found PythonInterp: /usr/bin/python3 (found suitable version "3.8.10", minimum required is "3.5") 
[3.543s] -- Found python_cmake_module: 0.8.1 (/opt/ros/foxy/share/python_cmake_module/cmake)
[3.557s] -- Using PYTHON_EXECUTABLE: /usr/bin/python3
[3.557s] -- Using PYTHON_INCLUDE_DIRS: /usr/include/python3.8
[3.557s] -- Using PYTHON_LIBRARIES: /usr/lib/x86_64-linux-gnu/libpython3.8.so
[3.566s] -- Found ament_lint_auto: 0.9.8 (/opt/ros/foxy/share/ament_lint_auto/cmake)
[3.571s] -- Added test 'copyright' to check source files copyright and LICENSE
[3.572s] -- Added test 'lint_cmake' to check CMake code style
[3.572s] -- Added test 'xmllint' to check XML markup files
[3.574s] -- Configuring done
[3.593s] -- Generating done
[3.595s] -- Build files have been written to: /home/zhang/ros2_ws/build/person_msgs
[3.611s] [  2%] [34m[1mGenerating C code for ROS interfaces[0m
[3.611s] [35m[1mScanning dependencies of target person_msgs__cpp[0m
[3.618s] [  5%] [34m[1mGenerating C++ code for ROS interfaces[0m
[3.798s] [35m[1mScanning dependencies of target person_msgs__rosidl_generator_c[0m
[3.806s] [  5%] Built target person_msgs__cpp
[3.806s] [  7%] [32mBuilding C object CMakeFiles/person_msgs__rosidl_generator_c.dir/rosidl_generator_c/person_msgs/srv/detail/query__functions.c.o[0m
[3.807s] [ 10%] [32mBuilding C object CMakeFiles/person_msgs__rosidl_generator_c.dir/rosidl_generator_c/person_msgs/msg/detail/person__functions.c.o[0m
[3.814s] [ 12%] [34m[1mGenerating C++ introspection for ROS interfaces[0m
[3.815s] [ 15%] [34m[1mGenerating C++ type support for eProsima Fast-RTPS[0m
[3.815s] [ 17%] [34m[1mGenerating C++ type support dispatch for ROS interfaces[0m
[3.845s] [ 20%] [32m[1mLinking C shared library libperson_msgs__rosidl_generator_c.so[0m
[3.914s] [ 20%] Built target person_msgs__rosidl_generator_c
[3.921s] [ 23%] [34m[1mGenerating C type support dispatch for ROS interfaces[0m
[3.922s] [ 25%] [34m[1mGenerating C introspection for ROS interfaces[0m
[3.986s] [35m[1mScanning dependencies of target person_msgs__rosidl_typesupport_cpp[0m
[3.998s] [ 28%] [32mBuilding CXX object CMakeFiles/person_msgs__rosidl_typesupport_cpp.dir/rosidl_typesupport_cpp/person_msgs/msg/person__type_support.cpp.o[0m
[3.998s] [ 30%] [32mBuilding CXX object CMakeFiles/person_msgs__rosidl_typesupport_cpp.dir/rosidl_typesupport_cpp/person_msgs/srv/query__type_support.cpp.o[0m
[4.018s] [35m[1mScanning dependencies of target person_msgs__rosidl_typesupport_introspection_cpp[0m
[4.030s] [ 35%] [32mBuilding CXX object CMakeFiles/person_msgs__rosidl_typesupport_introspection_cpp.dir/rosidl_typesupport_introspection_cpp/person_msgs/msg/detail/person__type_support.cpp.o[0m
[4.030s] [ 35%] [32mBuilding CXX object CMakeFiles/person_msgs__rosidl_typesupport_introspection_cpp.dir/rosidl_typesupport_introspection_cpp/person_msgs/srv/detail/query__type_support.cpp.o[0m
[4.046s] [35m[1mScanning dependencies of target person_msgs__rosidl_typesupport_fastrtps_cpp[0m
[4.068s] [ 38%] [32mBuilding CXX object CMakeFiles/person_msgs__rosidl_typesupport_fastrtps_cpp.dir/rosidl_typesupport_fastrtps_cpp/person_msgs/msg/detail/dds_fastrtps/person__type_support.cpp.o[0m
[4.076s] [ 41%] [32mBuilding CXX object CMakeFiles/person_msgs__rosidl_typesupport_fastrtps_cpp.dir/rosidl_typesupport_fastrtps_cpp/person_msgs/srv/detail/dds_fastrtps/query__type_support.cpp.o[0m
[4.191s] [35m[1mScanning dependencies of target person_msgs__rosidl_typesupport_c[0m
[4.205s] [ 43%] [32mBuilding CXX object CMakeFiles/person_msgs__rosidl_typesupport_c.dir/rosidl_typesupport_c/person_msgs/msg/person__type_support.cpp.o[0m
[4.244s] [ 46%] [32mBuilding CXX object CMakeFiles/person_msgs__rosidl_typesupport_c.dir/rosidl_typesupport_c/person_msgs/srv/query__type_support.cpp.o[0m
[4.256s] [35m[1mScanning dependencies of target person_msgs__rosidl_typesupport_introspection_c[0m
[4.272s] [ 48%] [32mBuilding C object CMakeFiles/person_msgs__rosidl_typesupport_introspection_c.dir/rosidl_typesupport_introspection_c/person_msgs/msg/detail/person__type_support.c.o[0m
[4.283s] [ 51%] [32m[1mLinking CXX shared library libperson_msgs__rosidl_typesupport_c.so[0m
[4.311s] [ 53%] [32mBuilding C object CMakeFiles/person_msgs__rosidl_typesupport_introspection_c.dir/rosidl_typesupport_introspection_c/person_msgs/srv/detail/query__type_support.c.o[0m
[4.323s] [ 56%] [32m[1mLinking CXX shared library libperson_msgs__rosidl_typesupport_cpp.so[0m
[4.356s] [ 58%] [32m[1mLinking C shared library libperson_msgs__rosidl_typesupport_introspection_c.so[0m
[4.369s] [ 61%] [32m[1mLinking CXX shared library libperson_msgs__rosidl_typesupport_introspection_cpp.so[0m
[4.374s] [ 61%] Built target person_msgs__rosidl_typesupport_c
[4.413s] [ 61%] Built target person_msgs__rosidl_typesupport_cpp
[4.421s] [ 61%] Built target person_msgs__rosidl_typesupport_introspection_c
[4.458s] [ 61%] Built target person_msgs__rosidl_typesupport_introspection_cpp
[4.552s] [ 64%] [32m[1mLinking CXX shared library libperson_msgs__rosidl_typesupport_fastrtps_cpp.so[0m
[4.646s] [ 64%] Built target person_msgs__rosidl_typesupport_fastrtps_cpp
[4.653s] [ 66%] [34m[1mGenerating C type support for eProsima Fast-RTPS[0m
[4.817s] [35m[1mScanning dependencies of target person_msgs__rosidl_typesupport_fastrtps_c[0m
[4.826s] [ 69%] [32mBuilding CXX object CMakeFiles/person_msgs__rosidl_typesupport_fastrtps_c.dir/rosidl_typesupport_fastrtps_c/person_msgs/msg/detail/person__type_support_c.cpp.o[0m
[4.826s] [ 71%] [32mBuilding CXX object CMakeFiles/person_msgs__rosidl_typesupport_fastrtps_c.dir/rosidl_typesupport_fastrtps_c/person_msgs/srv/detail/query__type_support_c.cpp.o[0m
[5.034s] [ 74%] [32m[1mLinking CXX shared library libperson_msgs__rosidl_typesupport_fastrtps_c.so[0m
[5.115s] [ 74%] Built target person_msgs__rosidl_typesupport_fastrtps_c
[5.127s] [ 74%] Built target person_msgs
[5.134s] [35m[1mScanning dependencies of target person_msgs__py[0m
[5.141s] [ 76%] [34m[1mGenerating Python code for ROS interfaces[0m
[5.436s] [ 76%] Built target person_msgs__py
[5.443s] [35m[1mScanning dependencies of target person_msgs__python[0m
[5.453s] [ 79%] [32mBuilding C object CMakeFiles/person_msgs__python.dir/rosidl_generator_py/person_msgs/msg/_person_s.c.o[0m
[5.453s] [ 82%] [32mBuilding C object CMakeFiles/person_msgs__python.dir/rosidl_generator_py/person_msgs/srv/_query_s.c.o[0m
[5.512s] [ 84%] [32m[1mLinking C shared library rosidl_generator_py/person_msgs/libperson_msgs__python.so[0m
[5.560s] [ 84%] Built target person_msgs__python
[5.568s] [35m[1mScanning dependencies of target person_msgs__rosidl_typesupport_introspection_c__pyext[0m
[5.568s] [35m[1mScanning dependencies of target person_msgs__rosidl_typesupport_fastrtps_c__pyext[0m
[5.569s] [35m[1mScanning dependencies of target person_msgs__rosidl_typesupport_c__pyext[0m
[5.579s] [ 92%] [32mBuilding C object CMakeFiles/person_msgs__rosidl_typesupport_introspection_c__pyext.dir/rosidl_generator_py/person_msgs/_person_msgs_s.ep.rosidl_typesupport_introspection_c.c.o[0m
[5.579s] [ 92%] [32mBuilding C object CMakeFiles/person_msgs__rosidl_typesupport_fastrtps_c__pyext.dir/rosidl_generator_py/person_msgs/_person_msgs_s.ep.rosidl_typesupport_fastrtps_c.c.o[0m
[5.579s] [ 92%] [32mBuilding C object CMakeFiles/person_msgs__rosidl_typesupport_c__pyext.dir/rosidl_generator_py/person_msgs/_person_msgs_s.ep.rosidl_typesupport_c.c.o[0m
[5.632s] [ 94%] [32m[1mLinking C shared library rosidl_generator_py/person_msgs/person_msgs_s__rosidl_typesupport_c.cpython-38-x86_64-linux-gnu.so[0m
[5.653s] [ 97%] [32m[1mLinking C shared library rosidl_generator_py/person_msgs/person_msgs_s__rosidl_typesupport_introspection_c.cpython-38-x86_64-linux-gnu.so[0m
[5.653s] [100%] [32m[1mLinking CXX shared library rosidl_generator_py/person_msgs/person_msgs_s__rosidl_typesupport_fastrtps_c.cpython-38-x86_64-linux-gnu.so[0m
[5.692s] [100%] Built target person_msgs__rosidl_typesupport_c__pyext
[5.715s] [100%] Built target person_msgs__rosidl_typesupport_introspection_c__pyext
[5.728s] [100%] Built target person_msgs__rosidl_typesupport_fastrtps_c__pyext
[5.739s] Invoked command in '/home/zhang/ros2_ws/build/person_msgs' returned '0': CMAKE_PREFIX_PATH=${CMAKE_PREFIX_PATH}:/home/zhang/ros2_ws/install/mypkg:/opt/ros/foxy /usr/bin/cmake --build /home/zhang/ros2_ws/build/person_msgs -- -j8 -l8
[5.785s] Invoking command in '/home/zhang/ros2_ws/build/person_msgs': CMAKE_PREFIX_PATH=${CMAKE_PREFIX_PATH}:/home/zhang/ros2_ws/install/mypkg:/opt/ros/foxy /usr/bin/cmake --install /home/zhang/ros2_ws/build/person_msgs
[5.790s] -- Install configuration: ""
[5.790s] -- Installing: /home/zhang/ros2_ws/install/person_msgs/share/ament_index/resource_index/rosidl_interfaces/person_msgs
[5.790s] -- Up-to-date: /home/zhang/ros2_ws/install/person_msgs/include/person_msgs
[5.790s] -- Installing: /home/zhang/ros2_ws/install/person_msgs/include/person_msgs/srv
[5.790s] -- Installing: /home/zhang/ros2_ws/install/person_msgs/include/person_msgs/srv/query.h
[5.791s] -- Installing: /home/zhang/ros2_ws/install/person_msgs/include/person_msgs/srv/detail
[5.791s] -- Installing: /home/zhang/ros2_ws/install/person_msgs/include/person_msgs/srv/detail/query__functions.c
[5.791s] -- Installing: /home/zhang/ros2_ws/install/person_msgs/include/person_msgs/srv/detail/query__type_support.h
[5.791s] -- Installing: /home/zhang/ros2_ws/install/person_msgs/include/person_msgs/srv/detail/query__functions.h
[5.791s] -- Installing: /home/zhang/ros2_ws/install/person_msgs/include/person_msgs/srv/detail/query__struct.h
[5.791s] -- Up-to-date: /home/zhang/ros2_ws/install/person_msgs/include/person_msgs/msg
[5.791s] -- Installing: /home/zhang/ros2_ws/install/person_msgs/include/person_msgs/msg/person.h
[5.791s] -- Up-to-date: /home/zhang/ros2_ws/install/person_msgs/include/person_msgs/msg/rosidl_generator_c__visibility_control.h
[5.792s] -- Up-to-date: /home/zhang/ros2_ws/install/person_msgs/include/person_msgs/msg/detail
[5.792s] -- Installing: /home/zhang/ros2_ws/install/person_msgs/include/person_msgs/msg/detail/person__functions.c
[5.792s] -- Installing: /home/zhang/ros2_ws/install/person_msgs/include/person_msgs/msg/detail/person__type_support.h
[5.792s] -- Installing: /home/zhang/ros2_ws/install/person_msgs/include/person_msgs/msg/detail/person__functions.h
[5.792s] -- Installing: /home/zhang/ros2_ws/install/person_msgs/include/person_msgs/msg/detail/person__struct.h
[5.792s] -- Up-to-date: /home/zhang/ros2_ws/install/person_msgs/share/person_msgs/environment/library_path.sh
[5.792s] -- Installing: /home/zhang/ros2_ws/install/person_msgs/share/person_msgs/environment/library_path.dsv
[5.792s] -- Installing: /home/zhang/ros2_ws/install/person_msgs/lib/libperson_msgs__rosidl_generator_c.so
[5.792s] -- Set runtime path of "/home/zhang/ros2_ws/install/person_msgs/lib/libperson_msgs__rosidl_generator_c.so" to ""
[5.793s] -- Up-to-date: /home/zhang/ros2_ws/install/person_msgs/include/person_msgs
[5.793s] -- Up-to-date: /home/zhang/ros2_ws/install/person_msgs/include/person_msgs/srv
[5.793s] -- Up-to-date: /home/zhang/ros2_ws/install/person_msgs/include/person_msgs/srv/detail
[5.793s] -- Installing: /home/zhang/ros2_ws/install/person_msgs/include/person_msgs/srv/detail/query__rosidl_typesupport_fastrtps_c.h
[5.793s] -- Up-to-date: /home/zhang/ros2_ws/install/person_msgs/include/person_msgs/msg
[5.793s] -- Up-to-date: /home/zhang/ros2_ws/install/person_msgs/include/person_msgs/msg/rosidl_typesupport_fastrtps_c__visibility_control.h
[5.793s] -- Up-to-date: /home/zhang/ros2_ws/install/person_msgs/include/person_msgs/msg/detail
[5.793s] -- Installing: /home/zhang/ros2_ws/install/person_msgs/include/person_msgs/msg/detail/person__rosidl_typesupport_fastrtps_c.h
[5.793s] -- Installing: /home/zhang/ros2_ws/install/person_msgs/lib/libperson_msgs__rosidl_typesupport_fastrtps_c.so
[5.793s] -- Set runtime path of "/home/zhang/ros2_ws/install/person_msgs/lib/libperson_msgs__rosidl_typesupport_fastrtps_c.so" to ""
[5.794s] -- Up-to-date: /home/zhang/ros2_ws/install/person_msgs/include/person_msgs
[5.794s] -- Up-to-date: /home/zhang/ros2_ws/install/person_msgs/include/person_msgs/srv
[5.794s] -- Up-to-date: /home/zhang/ros2_ws/install/person_msgs/include/person_msgs/srv/detail
[5.794s] -- Installing: /home/zhang/ros2_ws/install/person_msgs/include/person_msgs/srv/detail/dds_fastrtps
[5.794s] -- Installing: /home/zhang/ros2_ws/install/person_msgs/include/person_msgs/srv/detail/query__rosidl_typesupport_fastrtps_cpp.hpp
[5.794s] -- Up-to-date: /home/zhang/ros2_ws/install/person_msgs/include/person_msgs/msg
[5.794s] -- Up-to-date: /home/zhang/ros2_ws/install/person_msgs/include/person_msgs/msg/rosidl_typesupport_fastrtps_cpp__visibility_control.h
[5.794s] -- Up-to-date: /home/zhang/ros2_ws/install/person_msgs/include/person_msgs/msg/detail
[5.795s] -- Up-to-date: /home/zhang/ros2_ws/install/person_msgs/include/person_msgs/msg/detail/dds_fastrtps
[5.795s] -- Installing: /home/zhang/ros2_ws/install/person_msgs/include/person_msgs/msg/detail/person__rosidl_typesupport_fastrtps_cpp.hpp
[5.795s] -- Installing: /home/zhang/ros2_ws/install/person_msgs/lib/libperson_msgs__rosidl_typesupport_fastrtps_cpp.so
[5.795s] -- Set runtime path of "/home/zhang/ros2_ws/install/person_msgs/lib/libperson_msgs__rosidl_typesupport_fastrtps_cpp.so" to ""
[5.795s] -- Up-to-date: /home/zhang/ros2_ws/install/person_msgs/include/person_msgs
[5.795s] -- Up-to-date: /home/zhang/ros2_ws/install/person_msgs/include/person_msgs/srv
[5.795s] -- Up-to-date: /home/zhang/ros2_ws/install/person_msgs/include/person_msgs/srv/detail
[5.795s] -- Installing: /home/zhang/ros2_ws/install/person_msgs/include/person_msgs/srv/detail/query__type_support.c
[5.795s] -- Installing: /home/zhang/ros2_ws/install/person_msgs/include/person_msgs/srv/detail/query__rosidl_typesupport_introspection_c.h
[5.796s] -- Up-to-date: /home/zhang/ros2_ws/install/person_msgs/include/person_msgs/msg
[5.796s] -- Up-to-date: /home/zhang/ros2_ws/install/person_msgs/include/person_msgs/msg/rosidl_typesupport_introspection_c__visibility_control.h
[5.796s] -- Up-to-date: /home/zhang/ros2_ws/install/person_msgs/include/person_msgs/msg/detail
[5.796s] -- Installing: /home/zhang/ros2_ws/install/person_msgs/include/person_msgs/msg/detail/person__type_support.c
[5.796s] -- Installing: /home/zhang/ros2_ws/install/person_msgs/include/person_msgs/msg/detail/person__rosidl_typesupport_introspection_c.h
[5.796s] -- Installing: /home/zhang/ros2_ws/install/person_msgs/lib/libperson_msgs__rosidl_typesupport_introspection_c.so
[5.796s] -- Set runtime path of "/home/zhang/ros2_ws/install/person_msgs/lib/libperson_msgs__rosidl_typesupport_introspection_c.so" to ""
[5.796s] -- Installing: /home/zhang/ros2_ws/install/person_msgs/lib/libperson_msgs__rosidl_typesupport_c.so
[5.796s] -- Set runtime path of "/home/zhang/ros2_ws/install/person_msgs/lib/libperson_msgs__rosidl_typesupport_c.so" to ""
[5.796s] -- Up-to-date: /home/zhang/ros2_ws/install/person_msgs/include/person_msgs
[5.797s] -- Up-to-date: /home/zhang/ros2_ws/install/person_msgs/include/person_msgs/srv
[5.797s] -- Installing: /home/zhang/ros2_ws/install/person_msgs/include/person_msgs/srv/query.hpp
[5.797s] -- Up-to-date: /home/zhang/ros2_ws/install/person_msgs/include/person_msgs/srv/detail
[5.797s] -- Installing: /home/zhang/ros2_ws/install/person_msgs/include/person_msgs/srv/detail/query__builder.hpp
[5.797s] -- Installing: /home/zhang/ros2_ws/install/person_msgs/include/person_msgs/srv/detail/query__struct.hpp
[5.797s] -- Installing: /home/zhang/ros2_ws/install/person_msgs/include/person_msgs/srv/detail/query__traits.hpp
[5.797s] -- Installing: /home/zhang/ros2_ws/install/person_msgs/include/person_msgs/srv/detail/query__type_support.hpp
[5.797s] -- Up-to-date: /home/zhang/ros2_ws/install/person_msgs/include/person_msgs/msg
[5.797s] -- Installing: /home/zhang/ros2_ws/install/person_msgs/include/person_msgs/msg/person.hpp
[5.797s] -- Up-to-date: /home/zhang/ros2_ws/install/person_msgs/include/person_msgs/msg/rosidl_generator_cpp__visibility_control.hpp
[5.797s] -- Up-to-date: /home/zhang/ros2_ws/install/person_msgs/include/person_msgs/msg/detail
[5.797s] -- Installing: /home/zhang/ros2_ws/install/person_msgs/include/person_msgs/msg/detail/person__builder.hpp
[5.797s] -- Installing: /home/zhang/ros2_ws/install/person_msgs/include/person_msgs/msg/detail/person__type_support.hpp
[5.797s] -- Installing: /home/zhang/ros2_ws/install/person_msgs/include/person_msgs/msg/detail/person__traits.hpp
[5.797s] -- Installing: /home/zhang/ros2_ws/install/person_msgs/include/person_msgs/msg/detail/person__struct.hpp
[5.797s] -- Up-to-date: /home/zhang/ros2_ws/install/person_msgs/include/person_msgs
[5.797s] -- Up-to-date: /home/zhang/ros2_ws/install/person_msgs/include/person_msgs/srv
[5.797s] -- Up-to-date: /home/zhang/ros2_ws/install/person_msgs/include/person_msgs/srv/detail
[5.797s] -- Installing: /home/zhang/ros2_ws/install/person_msgs/include/person_msgs/srv/detail/query__type_support.cpp
[5.797s] -- Installing: /home/zhang/ros2_ws/install/person_msgs/include/person_msgs/srv/detail/query__rosidl_typesupport_introspection_cpp.hpp
[5.797s] -- Up-to-date: /home/zhang/ros2_ws/install/person_msgs/include/person_msgs/msg
[5.797s] -- Up-to-date: /home/zhang/ros2_ws/install/person_msgs/include/person_msgs/msg/detail
[5.797s] -- Installing: /home/zhang/ros2_ws/install/person_msgs/include/person_msgs/msg/detail/person__rosidl_typesupport_introspection_cpp.hpp
[5.797s] -- Installing: /home/zhang/ros2_ws/install/person_msgs/include/person_msgs/msg/detail/person__type_support.cpp
[5.797s] -- Installing: /home/zhang/ros2_ws/install/person_msgs/lib/libperson_msgs__rosidl_typesupport_introspection_cpp.so
[5.797s] -- Set runtime path of "/home/zhang/ros2_ws/install/person_msgs/lib/libperson_msgs__rosidl_typesupport_introspection_cpp.so" to ""
[5.798s] -- Installing: /home/zhang/ros2_ws/install/person_msgs/lib/libperson_msgs__rosidl_typesupport_cpp.so
[5.798s] -- Set runtime path of "/home/zhang/ros2_ws/install/person_msgs/lib/libperson_msgs__rosidl_typesupport_cpp.so" to ""
[5.798s] -- Up-to-date: /home/zhang/ros2_ws/install/person_msgs/share/person_msgs/environment/pythonpath.sh
[5.798s] -- Installing: /home/zhang/ros2_ws/install/person_msgs/share/person_msgs/environment/pythonpath.dsv
[5.798s] -- Installing: /home/zhang/ros2_ws/install/person_msgs/lib/python3.8/site-packages/person_msgs/__init__.py
[5.814s] Compiling '/home/zhang/ros2_ws/install/person_msgs/lib/python3.8/site-packages/person_msgs/__init__.py'...
[5.816s] -- Up-to-date: /home/zhang/ros2_ws/install/person_msgs/lib/python3.8/site-packages/person_msgs/msg
[5.816s] -- Installing: /home/zhang/ros2_ws/install/person_msgs/lib/python3.8/site-packages/person_msgs/msg/_person.py
[5.817s] -- Installing: /home/zhang/ros2_ws/install/person_msgs/lib/python3.8/site-packages/person_msgs/msg/_person_s.c
[5.817s] -- Installing: /home/zhang/ros2_ws/install/person_msgs/lib/python3.8/site-packages/person_msgs/msg/__init__.py
[5.817s] -- Installing: /home/zhang/ros2_ws/install/person_msgs/lib/python3.8/site-packages/person_msgs/srv
[5.817s] -- Installing: /home/zhang/ros2_ws/install/person_msgs/lib/python3.8/site-packages/person_msgs/srv/_query_s.c
[5.817s] -- Installing: /home/zhang/ros2_ws/install/person_msgs/lib/python3.8/site-packages/person_msgs/srv/_query.py
[5.817s] -- Installing: /home/zhang/ros2_ws/install/person_msgs/lib/python3.8/site-packages/person_msgs/srv/__init__.py
[5.817s] -- Installing: /home/zhang/ros2_ws/install/person_msgs/lib/python3.8/site-packages/person_msgs/person_msgs_s__rosidl_typesupport_fastrtps_c.cpython-38-x86_64-linux-gnu.so
[5.817s] -- Set runtime path of "/home/zhang/ros2_ws/install/person_msgs/lib/python3.8/site-packages/person_msgs/person_msgs_s__rosidl_typesupport_fastrtps_c.cpython-38-x86_64-linux-gnu.so" to ""
[5.818s] -- Installing: /home/zhang/ros2_ws/install/person_msgs/lib/python3.8/site-packages/person_msgs/person_msgs_s__rosidl_typesupport_introspection_c.cpython-38-x86_64-linux-gnu.so
[5.818s] -- Set runtime path of "/home/zhang/ros2_ws/install/person_msgs/lib/python3.8/site-packages/person_msgs/person_msgs_s__rosidl_typesupport_introspection_c.cpython-38-x86_64-linux-gnu.so" to ""
[5.818s] -- Installing: /home/zhang/ros2_ws/install/person_msgs/lib/python3.8/site-packages/person_msgs/person_msgs_s__rosidl_typesupport_c.cpython-38-x86_64-linux-gnu.so
[5.818s] -- Set runtime path of "/home/zhang/ros2_ws/install/person_msgs/lib/python3.8/site-packages/person_msgs/person_msgs_s__rosidl_typesupport_c.cpython-38-x86_64-linux-gnu.so" to ""
[5.819s] -- Installing: /home/zhang/ros2_ws/install/person_msgs/lib/libperson_msgs__python.so
[5.819s] -- Set runtime path of "/home/zhang/ros2_ws/install/person_msgs/lib/libperson_msgs__python.so" to ""
[5.819s] -- Up-to-date: /home/zhang/ros2_ws/install/person_msgs/share/person_msgs/msg/Person.idl
[5.819s] -- Installing: /home/zhang/ros2_ws/install/person_msgs/share/person_msgs/srv/Query.idl
[5.819s] -- Up-to-date: /home/zhang/ros2_ws/install/person_msgs/share/person_msgs/msg/Person.msg
[5.819s] -- Installing: /home/zhang/ros2_ws/install/person_msgs/share/person_msgs/srv/Query.srv
[5.819s] -- Installing: /home/zhang/ros2_ws/install/person_msgs/share/person_msgs/srv/Query_Request.msg
[5.819s] -- Installing: /home/zhang/ros2_ws/install/person_msgs/share/person_msgs/srv/Query_Response.msg
[5.820s] -- Up-to-date: /home/zhang/ros2_ws/install/person_msgs/share/ament_index/resource_index/package_run_dependencies/person_msgs
[5.820s] -- Installing: /home/zhang/ros2_ws/install/person_msgs/share/ament_index/resource_index/parent_prefix_path/person_msgs
[5.820s] -- Up-to-date: /home/zhang/ros2_ws/install/person_msgs/share/person_msgs/environment/ament_prefix_path.sh
[5.820s] -- Installing: /home/zhang/ros2_ws/install/person_msgs/share/person_msgs/environment/ament_prefix_path.dsv
[5.820s] -- Up-to-date: /home/zhang/ros2_ws/install/person_msgs/share/person_msgs/environment/path.sh
[5.820s] -- Installing: /home/zhang/ros2_ws/install/person_msgs/share/person_msgs/environment/path.dsv
[5.820s] -- Up-to-date: /home/zhang/ros2_ws/install/person_msgs/share/person_msgs/local_setup.bash
[5.820s] -- Up-to-date: /home/zhang/ros2_ws/install/person_msgs/share/person_msgs/local_setup.sh
[5.820s] -- Up-to-date: /home/zhang/ros2_ws/install/person_msgs/share/person_msgs/local_setup.zsh
[5.821s] -- Installing: /home/zhang/ros2_ws/install/person_msgs/share/person_msgs/local_setup.dsv
[5.821s] -- Installing: /home/zhang/ros2_ws/install/person_msgs/share/person_msgs/package.dsv
[5.821s] -- Up-to-date: /home/zhang/ros2_ws/install/person_msgs/share/ament_index/resource_index/packages/person_msgs
[5.821s] -- Up-to-date: /home/zhang/ros2_ws/install/person_msgs/share/person_msgs/cmake/person_msgs__rosidl_generator_cExport.cmake
[5.821s] -- Installing: /home/zhang/ros2_ws/install/person_msgs/share/person_msgs/cmake/person_msgs__rosidl_generator_cExport-noconfig.cmake
[5.821s] -- Up-to-date: /home/zhang/ros2_ws/install/person_msgs/share/person_msgs/cmake/person_msgs__rosidl_typesupport_introspection_cExport.cmake
[5.821s] -- Installing: /home/zhang/ros2_ws/install/person_msgs/share/person_msgs/cmake/person_msgs__rosidl_typesupport_introspection_cExport-noconfig.cmake
[5.821s] -- Up-to-date: /home/zhang/ros2_ws/install/person_msgs/share/person_msgs/cmake/person_msgs__rosidl_typesupport_cExport.cmake
[5.821s] -- Installing: /home/zhang/ros2_ws/install/person_msgs/share/person_msgs/cmake/person_msgs__rosidl_typesupport_cExport-noconfig.cmake
[5.822s] -- Up-to-date: /home/zhang/ros2_ws/install/person_msgs/share/person_msgs/cmake/person_msgs__rosidl_generator_cppExport.cmake
[5.822s] -- Up-to-date: /home/zhang/ros2_ws/install/person_msgs/share/person_msgs/cmake/person_msgs__rosidl_typesupport_introspection_cppExport.cmake
[5.822s] -- Installing: /home/zhang/ros2_ws/install/person_msgs/share/person_msgs/cmake/person_msgs__rosidl_typesupport_introspection_cppExport-noconfig.cmake
[5.822s] -- Up-to-date: /home/zhang/ros2_ws/install/person_msgs/share/person_msgs/cmake/person_msgs__rosidl_typesupport_cppExport.cmake
[5.822s] -- Installing: /home/zhang/ros2_ws/install/person_msgs/share/person_msgs/cmake/person_msgs__rosidl_typesupport_cppExport-noconfig.cmake
[5.822s] -- Installing: /home/zhang/ros2_ws/install/person_msgs/share/person_msgs/cmake/rosidl_cmake-extras.cmake
[5.822s] -- Up-to-date: /home/zhang/ros2_ws/install/person_msgs/share/person_msgs/cmake/ament_cmake_export_dependencies-extras.cmake
[5.822s] -- Up-to-date: /home/zhang/ros2_ws/install/person_msgs/share/person_msgs/cmake/ament_cmake_export_libraries-extras.cmake
[5.822s] -- Up-to-date: /home/zhang/ros2_ws/install/person_msgs/share/person_msgs/cmake/ament_cmake_export_targets-extras.cmake
[5.822s] -- Up-to-date: /home/zhang/ros2_ws/install/person_msgs/share/person_msgs/cmake/ament_cmake_export_include_directories-extras.cmake
[5.822s] -- Up-to-date: /home/zhang/ros2_ws/install/person_msgs/share/person_msgs/cmake/rosidl_cmake_export_typesupport_libraries-extras.cmake
[5.822s] -- Up-to-date: /home/zhang/ros2_ws/install/person_msgs/share/person_msgs/cmake/rosidl_cmake_export_typesupport_targets-extras.cmake
[5.822s] -- Up-to-date: /home/zhang/ros2_ws/install/person_msgs/share/person_msgs/cmake/person_msgsConfig.cmake
[5.822s] -- Up-to-date: /home/zhang/ros2_ws/install/person_msgs/share/person_msgs/cmake/person_msgsConfig-version.cmake
[5.822s] -- Up-to-date: /home/zhang/ros2_ws/install/person_msgs/share/person_msgs/package.xml
[5.824s] Invoked command in '/home/zhang/ros2_ws/build/person_msgs' returned '0': CMAKE_PREFIX_PATH=${CMAKE_PREFIX_PATH}:/home/zhang/ros2_ws/install/mypkg:/opt/ros/foxy /usr/bin/cmake --install /home/zhang/ros2_ws/build/person_msgs
