[0.476s] Invoking command in '/home/zhang/ros2_ws/src/mypkg': PYTHONPATH=/home/zhang/ros2_ws/build/mypkg/prefix_override:/home/zhang/ros2_ws/install/mypkg/lib/python3.8/site-packages:${PYTHONPATH} /usr/bin/python3 setup.py egg_info --egg-base ../../build/mypkg build --build-base /home/zhang/ros2_ws/build/mypkg/build install --record /home/zhang/ros2_ws/build/mypkg/install.log --install-scripts $base/lib/mypkg --single-version-externally-managed
[0.581s] running egg_info
[0.582s] writing ../../build/mypkg/mypkg.egg-info/PKG-INFO
[0.582s] writing dependency_links to ../../build/mypkg/mypkg.egg-info/dependency_links.txt
[0.582s] writing entry points to ../../build/mypkg/mypkg.egg-info/entry_points.txt
[0.582s] writing requirements to ../../build/mypkg/mypkg.egg-info/requires.txt
[0.582s] writing top-level names to ../../build/mypkg/mypkg.egg-info/top_level.txt
[0.602s] reading manifest file '../../build/mypkg/mypkg.egg-info/SOURCES.txt'
[0.603s] writing manifest file '../../build/mypkg/mypkg.egg-info/SOURCES.txt'
[0.603s] running build
[0.603s] running build_py
[0.603s] copying mypkg/listener.py -> /home/zhang/ros2_ws/build/mypkg/build/lib/mypkg
[0.603s] running install
[0.603s] running install_lib
[0.604s] copying /home/zhang/ros2_ws/build/mypkg/build/lib/mypkg/listener.py -> /home/zhang/ros2_ws/install/mypkg/lib/python3.8/site-packages/mypkg
[0.604s] byte-compiling /home/zhang/ros2_ws/install/mypkg/lib/python3.8/site-packages/mypkg/listener.py to listener.cpython-38.pyc
[0.605s] running install_data
[0.605s]   File "/home/zhang/ros2_ws/install/mypkg/lib/python3.8/site-packages/mypkg/listener.py", line 11
[0.605s]     pub = node.create_subscription(Int16. "countup", cb, 10)
[0.605s]                                           ^
[0.605s] SyntaxError: invalid syntax
[0.605s] 
[0.605s] running install_egg_info
[0.607s] removing '/home/zhang/ros2_ws/install/mypkg/lib/python3.8/site-packages/mypkg-0.0.0-py3.8.egg-info' (and everything under it)
[0.607s] Copying ../../build/mypkg/mypkg.egg-info to /home/zhang/ros2_ws/install/mypkg/lib/python3.8/site-packages/mypkg-0.0.0-py3.8.egg-info
[0.607s] running install_scripts
[0.617s] Installing talker script to /home/zhang/ros2_ws/install/mypkg/lib/mypkg
[0.617s] writing list of installed files to '/home/zhang/ros2_ws/build/mypkg/install.log'
[0.630s] Invoked command in '/home/zhang/ros2_ws/src/mypkg' returned '0': PYTHONPATH=/home/zhang/ros2_ws/build/mypkg/prefix_override:/home/zhang/ros2_ws/install/mypkg/lib/python3.8/site-packages:${PYTHONPATH} /usr/bin/python3 setup.py egg_info --egg-base ../../build/mypkg build --build-base /home/zhang/ros2_ws/build/mypkg/build install --record /home/zhang/ros2_ws/build/mypkg/install.log --install-scripts $base/lib/mypkg --single-version-externally-managed
