[0.482s] Invoking command in '/home/zhang/ros2_ws/src/mypkg': PYTHONPATH=/home/zhang/ros2_ws/build/mypkg/prefix_override:/home/zhang/ros2_ws/install/mypkg/lib/python3.8/site-packages:${PYTHONPATH} /usr/bin/python3 setup.py egg_info --egg-base ../../build/mypkg build --build-base /home/zhang/ros2_ws/build/mypkg/build install --record /home/zhang/ros2_ws/build/mypkg/install.log --install-scripts $base/lib/mypkg --single-version-externally-managed
[0.586s] running egg_info
[0.586s] writing ../../build/mypkg/mypkg.egg-info/PKG-INFO
[0.586s] writing dependency_links to ../../build/mypkg/mypkg.egg-info/dependency_links.txt
[0.587s] writing entry points to ../../build/mypkg/mypkg.egg-info/entry_points.txt
[0.587s] writing requirements to ../../build/mypkg/mypkg.egg-info/requires.txt
[0.587s] writing top-level names to ../../build/mypkg/mypkg.egg-info/top_level.txt
[0.606s] reading manifest file '../../build/mypkg/mypkg.egg-info/SOURCES.txt'
[0.607s] writing manifest file '../../build/mypkg/mypkg.egg-info/SOURCES.txt'
[0.607s] running build
[0.607s] running build_py
[0.607s] copying mypkg/listener.py -> /home/zhang/ros2_ws/build/mypkg/build/lib/mypkg
[0.607s] running install
[0.608s] running install_lib
[0.608s] copying /home/zhang/ros2_ws/build/mypkg/build/lib/mypkg/listener.py -> /home/zhang/ros2_ws/install/mypkg/lib/python3.8/site-packages/mypkg
[0.609s] byte-compiling /home/zhang/ros2_ws/install/mypkg/lib/python3.8/site-packages/mypkg/listener.py to listener.cpython-38.pyc
[0.610s] running install_data
[0.610s] running install_egg_info
[0.611s] removing '/home/zhang/ros2_ws/install/mypkg/lib/python3.8/site-packages/mypkg-0.0.0-py3.8.egg-info' (and everything under it)
[0.611s] Copying ../../build/mypkg/mypkg.egg-info to /home/zhang/ros2_ws/install/mypkg/lib/python3.8/site-packages/mypkg-0.0.0-py3.8.egg-info
[0.612s] running install_scripts
[0.622s] Installing listener script to /home/zhang/ros2_ws/install/mypkg/lib/mypkg
[0.622s] Installing talker script to /home/zhang/ros2_ws/install/mypkg/lib/mypkg
[0.622s] writing list of installed files to '/home/zhang/ros2_ws/build/mypkg/install.log'
[0.636s] Invoked command in '/home/zhang/ros2_ws/src/mypkg' returned '0': PYTHONPATH=/home/zhang/ros2_ws/build/mypkg/prefix_override:/home/zhang/ros2_ws/install/mypkg/lib/python3.8/site-packages:${PYTHONPATH} /usr/bin/python3 setup.py egg_info --egg-base ../../build/mypkg build --build-base /home/zhang/ros2_ws/build/mypkg/build install --record /home/zhang/ros2_ws/build/mypkg/install.log --install-scripts $base/lib/mypkg --single-version-externally-managed
