[0.616s] Invoking command in '/home/zhang/ros2_ws/src/mypkg': PYTHONPATH=/home/zhang/ros2_ws/build/mypkg/prefix_override:/home/zhang/ros2_ws/install/mypkg/lib/python3.8/site-packages:${PYTHONPATH} /usr/bin/python3 setup.py egg_info --egg-base ../../build/mypkg build --build-base /home/zhang/ros2_ws/build/mypkg/build install --record /home/zhang/ros2_ws/build/mypkg/install.log --install-scripts $base/lib/mypkg --single-version-externally-managed
[0.822s] running egg_info
[0.823s] writing ../../build/mypkg/mypkg.egg-info/PKG-INFO
[0.823s] writing dependency_links to ../../build/mypkg/mypkg.egg-info/dependency_links.txt
[0.823s] writing entry points to ../../build/mypkg/mypkg.egg-info/entry_points.txt
[0.823s] writing requirements to ../../build/mypkg/mypkg.egg-info/requires.txt
[0.824s] writing top-level names to ../../build/mypkg/mypkg.egg-info/top_level.txt
[0.847s] reading manifest file '../../build/mypkg/mypkg.egg-info/SOURCES.txt'
[0.847s] writing manifest file '../../build/mypkg/mypkg.egg-info/SOURCES.txt'
[0.847s] running build
[0.847s] running build_py
[0.847s] running install
[0.848s] running install_lib
[0.849s] running install_data
[0.849s] running install_egg_info
[0.850s] removing '/home/zhang/ros2_ws/install/mypkg/lib/python3.8/site-packages/mypkg-0.0.0-py3.8.egg-info' (and everything under it)
[0.850s] Copying ../../build/mypkg/mypkg.egg-info to /home/zhang/ros2_ws/install/mypkg/lib/python3.8/site-packages/mypkg-0.0.0-py3.8.egg-info
[0.851s] running install_scripts
[0.863s] Installing listener script to /home/zhang/ros2_ws/install/mypkg/lib/mypkg
[0.863s] Installing talker script to /home/zhang/ros2_ws/install/mypkg/lib/mypkg
[0.863s] writing list of installed files to '/home/zhang/ros2_ws/build/mypkg/install.log'
[0.880s] Invoked command in '/home/zhang/ros2_ws/src/mypkg' returned '0': PYTHONPATH=/home/zhang/ros2_ws/build/mypkg/prefix_override:/home/zhang/ros2_ws/install/mypkg/lib/python3.8/site-packages:${PYTHONPATH} /usr/bin/python3 setup.py egg_info --egg-base ../../build/mypkg build --build-base /home/zhang/ros2_ws/build/mypkg/build install --record /home/zhang/ros2_ws/build/mypkg/install.log --install-scripts $base/lib/mypkg --single-version-externally-managed
