[0.262s] Invoking command in '/home/zhang/ros2_ws/build/person_msgs': CMAKE_PREFIX_PATH=/home/zhang/ros2_ws/install/mypkg:/opt/ros/foxy /usr/bin/cmake /home/zhang/ros2_ws/src/person_msgs -DCMAKE_INSTALL_PREFIX=/home/zhang/ros2_ws/install/person_msgs
[0.271s] -- Found ament_cmake: 0.9.12 (/opt/ros/foxy/share/ament_cmake/cmake)
[0.284s] -- Using PYTHON_EXECUTABLE: /usr/bin/python3
[0.379s] -- Found rosidl_default_generators: 1.0.1 (/opt/ros/foxy/share/rosidl_default_generators/cmake)
[0.380s] -- Using all available rosidl_typesupport_c: rosidl_typesupport_fastrtps_c;rosidl_typesupport_introspection_c
[0.382s] -- Found rosidl_adapter: 1.3.1 (/opt/ros/foxy/share/rosidl_adapter/cmake)
[1.778s] -- Using all available rosidl_typesupport_cpp: rosidl_typesupport_fastrtps_cpp;rosidl_typesupport_introspection_cpp
[1.803s] -- Found PythonInterp: /usr/bin/python3 (found version "3.8.10") 
[1.884s] -- Found ament_cmake_ros: 0.9.2 (/opt/ros/foxy/share/ament_cmake_ros/cmake)
[3.072s] -- Using all available rosidl_typesupport_c: rosidl_typesupport_fastrtps_c;rosidl_typesupport_introspection_c
[3.079s] -- Using all available rosidl_typesupport_cpp: rosidl_typesupport_fastrtps_cpp;rosidl_typesupport_introspection_cpp
[3.093s] -- Found PythonInterp: /usr/bin/python3 (found suitable version "3.8.10", minimum required is "3.5") 
[3.096s] -- Found python_cmake_module: 0.8.1 (/opt/ros/foxy/share/python_cmake_module/cmake)
[3.246s] -- Found PythonLibs: /usr/lib/x86_64-linux-gnu/libpython3.8.so (found suitable version "3.8.10", minimum required is "3.5") 
[3.246s] -- Using PYTHON_EXECUTABLE: /usr/bin/python3
[3.246s] -- Using PYTHON_INCLUDE_DIRS: /usr/include/python3.8
[3.246s] -- Using PYTHON_LIBRARIES: /usr/lib/x86_64-linux-gnu/libpython3.8.so
[3.259s] -- Found PythonExtra: .so  
[3.299s] -- Found ament_lint_auto: 0.9.8 (/opt/ros/foxy/share/ament_lint_auto/cmake)
[3.321s] -- Added test 'copyright' to check source files copyright and LICENSE
[3.323s] -- Added test 'lint_cmake' to check CMake code style
[3.324s] -- Added test 'xmllint' to check XML markup files
[3.328s] -- Configuring done
[3.346s] -- Generating done
[3.347s] -- Build files have been written to: /home/zhang/ros2_ws/build/person_msgs
[3.352s] Invoked command in '/home/zhang/ros2_ws/build/person_msgs' returned '0': CMAKE_PREFIX_PATH=/home/zhang/ros2_ws/install/mypkg:/opt/ros/foxy /usr/bin/cmake /home/zhang/ros2_ws/src/person_msgs -DCMAKE_INSTALL_PREFIX=/home/zhang/ros2_ws/install/person_msgs
[3.354s] Invoking command in '/home/zhang/ros2_ws/build/person_msgs': CMAKE_PREFIX_PATH=/home/zhang/ros2_ws/install/mypkg:/opt/ros/foxy /usr/bin/cmake --build /home/zhang/ros2_ws/build/person_msgs -- -j8 -l8
[3.380s] [  3%] [34m[1mGenerating C code for ROS interfaces[0m
[3.380s] [35m[1mScanning dependencies of target person_msgs__cpp[0m
[3.386s] [  6%] [34m[1mGenerating C++ code for ROS interfaces[0m
[3.526s] [35m[1mScanning dependencies of target person_msgs__rosidl_generator_c[0m
[3.532s] [  6%] Built target person_msgs__cpp
[3.540s] [  9%] [34m[1mGenerating C++ type support dispatch for ROS interfaces[0m
[3.540s] [ 12%] [34m[1mGenerating C++ type support for eProsima Fast-RTPS[0m
[3.540s] [ 16%] [34m[1mGenerating C++ introspection for ROS interfaces[0m
[3.544s] [ 19%] [32mBuilding C object CMakeFiles/person_msgs__rosidl_generator_c.dir/rosidl_generator_c/person_msgs/msg/detail/person__functions.c.o[0m
[3.604s] [ 22%] [32m[1mLinking C shared library libperson_msgs__rosidl_generator_c.so[0m
[3.658s] [ 22%] Built target person_msgs__rosidl_generator_c
[3.665s] [ 25%] [34m[1mGenerating C type support dispatch for ROS interfaces[0m
[3.665s] [ 29%] [34m[1mGenerating C introspection for ROS interfaces[0m
[3.705s] [35m[1mScanning dependencies of target person_msgs__rosidl_typesupport_cpp[0m
[3.718s] [ 32%] [32mBuilding CXX object CMakeFiles/person_msgs__rosidl_typesupport_cpp.dir/rosidl_typesupport_cpp/person_msgs/msg/person__type_support.cpp.o[0m
[3.721s] [35m[1mScanning dependencies of target person_msgs__rosidl_typesupport_introspection_cpp[0m
[3.732s] [ 35%] [32mBuilding CXX object CMakeFiles/person_msgs__rosidl_typesupport_introspection_cpp.dir/rosidl_typesupport_introspection_cpp/person_msgs/msg/detail/person__type_support.cpp.o[0m
[3.764s] [35m[1mScanning dependencies of target person_msgs__rosidl_typesupport_fastrtps_cpp[0m
[3.779s] [ 38%] [32mBuilding CXX object CMakeFiles/person_msgs__rosidl_typesupport_fastrtps_cpp.dir/rosidl_typesupport_fastrtps_cpp/person_msgs/msg/detail/dds_fastrtps/person__type_support.cpp.o[0m
[3.843s] [35m[1mScanning dependencies of target person_msgs__rosidl_typesupport_c[0m
[3.853s] [ 41%] [32mBuilding CXX object CMakeFiles/person_msgs__rosidl_typesupport_c.dir/rosidl_typesupport_c/person_msgs/msg/person__type_support.cpp.o[0m
[3.863s] [35m[1mScanning dependencies of target person_msgs__rosidl_typesupport_introspection_c[0m
[3.873s] [ 45%] [32mBuilding C object CMakeFiles/person_msgs__rosidl_typesupport_introspection_c.dir/rosidl_typesupport_introspection_c/person_msgs/msg/detail/person__type_support.c.o[0m
[3.879s] [ 48%] [32m[1mLinking CXX shared library libperson_msgs__rosidl_typesupport_c.so[0m
[3.902s] [ 51%] [32m[1mLinking C shared library libperson_msgs__rosidl_typesupport_introspection_c.so[0m
[3.943s] [ 51%] Built target person_msgs__rosidl_typesupport_c
[3.956s] [ 51%] Built target person_msgs__rosidl_typesupport_introspection_c
[3.965s] [ 54%] [32m[1mLinking CXX shared library libperson_msgs__rosidl_typesupport_introspection_cpp.so[0m
[3.987s] [ 58%] [32m[1mLinking CXX shared library libperson_msgs__rosidl_typesupport_cpp.so[0m
[4.033s] [ 58%] Built target person_msgs__rosidl_typesupport_introspection_cpp
[4.039s] [ 58%] Built target person_msgs__rosidl_typesupport_cpp
[4.151s] [ 61%] [32m[1mLinking CXX shared library libperson_msgs__rosidl_typesupport_fastrtps_cpp.so[0m
[4.232s] [ 61%] Built target person_msgs__rosidl_typesupport_fastrtps_cpp
[4.238s] [ 64%] [34m[1mGenerating C type support for eProsima Fast-RTPS[0m
[4.364s] [35m[1mScanning dependencies of target person_msgs__rosidl_typesupport_fastrtps_c[0m
[4.375s] [ 67%] [32mBuilding CXX object CMakeFiles/person_msgs__rosidl_typesupport_fastrtps_c.dir/rosidl_typesupport_fastrtps_c/person_msgs/msg/detail/person__type_support_c.cpp.o[0m
[4.564s] [ 70%] [32m[1mLinking CXX shared library libperson_msgs__rosidl_typesupport_fastrtps_c.so[0m
[4.634s] [ 70%] Built target person_msgs__rosidl_typesupport_fastrtps_c
[4.640s] [35m[1mScanning dependencies of target person_msgs[0m
[4.647s] [ 70%] Built target person_msgs
[4.653s] [35m[1mScanning dependencies of target person_msgs__py[0m
[4.660s] [ 74%] [34m[1mGenerating Python code for ROS interfaces[0m
[4.880s] [ 74%] Built target person_msgs__py
[4.886s] [35m[1mScanning dependencies of target person_msgs__python[0m
[4.921s] [ 77%] [32mBuilding C object CMakeFiles/person_msgs__python.dir/rosidl_generator_py/person_msgs/msg/_person_s.c.o[0m
[4.986s] [ 80%] [32m[1mLinking C shared library rosidl_generator_py/person_msgs/libperson_msgs__python.so[0m
[5.033s] [ 80%] Built target person_msgs__python
[5.039s] [35m[1mScanning dependencies of target person_msgs__rosidl_typesupport_c__pyext[0m
[5.039s] [35m[1mScanning dependencies of target person_msgs__rosidl_typesupport_fastrtps_c__pyext[0m
[5.039s] [35m[1mScanning dependencies of target person_msgs__rosidl_typesupport_introspection_c__pyext[0m
[5.050s] [ 83%] [32mBuilding C object CMakeFiles/person_msgs__rosidl_typesupport_introspection_c__pyext.dir/rosidl_generator_py/person_msgs/_person_msgs_s.ep.rosidl_typesupport_introspection_c.c.o[0m
[5.051s] [ 87%] [32mBuilding C object CMakeFiles/person_msgs__rosidl_typesupport_fastrtps_c__pyext.dir/rosidl_generator_py/person_msgs/_person_msgs_s.ep.rosidl_typesupport_fastrtps_c.c.o[0m
[5.051s] [ 90%] [32mBuilding C object CMakeFiles/person_msgs__rosidl_typesupport_c__pyext.dir/rosidl_generator_py/person_msgs/_person_msgs_s.ep.rosidl_typesupport_c.c.o[0m
[5.104s] [ 93%] [32m[1mLinking CXX shared library rosidl_generator_py/person_msgs/person_msgs_s__rosidl_typesupport_fastrtps_c.cpython-38-x86_64-linux-gnu.so[0m
[5.105s] [ 96%] [32m[1mLinking C shared library rosidl_generator_py/person_msgs/person_msgs_s__rosidl_typesupport_c.cpython-38-x86_64-linux-gnu.so[0m
[5.107s] [100%] [32m[1mLinking C shared library rosidl_generator_py/person_msgs/person_msgs_s__rosidl_typesupport_introspection_c.cpython-38-x86_64-linux-gnu.so[0m
[5.158s] [100%] Built target person_msgs__rosidl_typesupport_c__pyext
[5.161s] [100%] Built target person_msgs__rosidl_typesupport_introspection_c__pyext
[5.169s] [100%] Built target person_msgs__rosidl_typesupport_fastrtps_c__pyext
[5.178s] Invoked command in '/home/zhang/ros2_ws/build/person_msgs' returned '0': CMAKE_PREFIX_PATH=/home/zhang/ros2_ws/install/mypkg:/opt/ros/foxy /usr/bin/cmake --build /home/zhang/ros2_ws/build/person_msgs -- -j8 -l8
[5.222s] Invoking command in '/home/zhang/ros2_ws/build/person_msgs': CMAKE_PREFIX_PATH=/home/zhang/ros2_ws/install/mypkg:/opt/ros/foxy /usr/bin/cmake --install /home/zhang/ros2_ws/build/person_msgs
[5.228s] -- Install configuration: ""
[5.228s] -- Installing: /home/zhang/ros2_ws/install/person_msgs/share/ament_index/resource_index/rosidl_interfaces/person_msgs
[5.228s] -- Installing: /home/zhang/ros2_ws/install/person_msgs/include/person_msgs
[5.228s] -- Installing: /home/zhang/ros2_ws/install/person_msgs/include/person_msgs/msg
[5.229s] -- Installing: /home/zhang/ros2_ws/install/person_msgs/include/person_msgs/msg/person.h
[5.229s] -- Installing: /home/zhang/ros2_ws/install/person_msgs/include/person_msgs/msg/rosidl_generator_c__visibility_control.h
[5.229s] -- Installing: /home/zhang/ros2_ws/install/person_msgs/include/person_msgs/msg/detail
[5.229s] -- Installing: /home/zhang/ros2_ws/install/person_msgs/include/person_msgs/msg/detail/person__functions.c
[5.229s] -- Installing: /home/zhang/ros2_ws/install/person_msgs/include/person_msgs/msg/detail/person__type_support.h
[5.229s] -- Installing: /home/zhang/ros2_ws/install/person_msgs/include/person_msgs/msg/detail/person__functions.h
[5.229s] -- Installing: /home/zhang/ros2_ws/install/person_msgs/include/person_msgs/msg/detail/person__struct.h
[5.230s] -- Installing: /home/zhang/ros2_ws/install/person_msgs/share/person_msgs/environment/library_path.sh
[5.230s] -- Installing: /home/zhang/ros2_ws/install/person_msgs/share/person_msgs/environment/library_path.dsv
[5.230s] -- Installing: /home/zhang/ros2_ws/install/person_msgs/lib/libperson_msgs__rosidl_generator_c.so
[5.230s] -- Set runtime path of "/home/zhang/ros2_ws/install/person_msgs/lib/libperson_msgs__rosidl_generator_c.so" to ""
[5.230s] -- Up-to-date: /home/zhang/ros2_ws/install/person_msgs/include/person_msgs
[5.230s] -- Up-to-date: /home/zhang/ros2_ws/install/person_msgs/include/person_msgs/msg
[5.230s] -- Installing: /home/zhang/ros2_ws/install/person_msgs/include/person_msgs/msg/rosidl_typesupport_fastrtps_c__visibility_control.h
[5.230s] -- Up-to-date: /home/zhang/ros2_ws/install/person_msgs/include/person_msgs/msg/detail
[5.230s] -- Installing: /home/zhang/ros2_ws/install/person_msgs/include/person_msgs/msg/detail/person__rosidl_typesupport_fastrtps_c.h
[5.231s] -- Installing: /home/zhang/ros2_ws/install/person_msgs/lib/libperson_msgs__rosidl_typesupport_fastrtps_c.so
[5.231s] -- Set runtime path of "/home/zhang/ros2_ws/install/person_msgs/lib/libperson_msgs__rosidl_typesupport_fastrtps_c.so" to ""
[5.231s] -- Up-to-date: /home/zhang/ros2_ws/install/person_msgs/include/person_msgs
[5.231s] -- Up-to-date: /home/zhang/ros2_ws/install/person_msgs/include/person_msgs/msg
[5.231s] -- Installing: /home/zhang/ros2_ws/install/person_msgs/include/person_msgs/msg/rosidl_typesupport_fastrtps_cpp__visibility_control.h
[5.231s] -- Up-to-date: /home/zhang/ros2_ws/install/person_msgs/include/person_msgs/msg/detail
[5.231s] -- Installing: /home/zhang/ros2_ws/install/person_msgs/include/person_msgs/msg/detail/dds_fastrtps
[5.231s] -- Installing: /home/zhang/ros2_ws/install/person_msgs/include/person_msgs/msg/detail/person__rosidl_typesupport_fastrtps_cpp.hpp
[5.232s] -- Installing: /home/zhang/ros2_ws/install/person_msgs/lib/libperson_msgs__rosidl_typesupport_fastrtps_cpp.so
[5.232s] -- Set runtime path of "/home/zhang/ros2_ws/install/person_msgs/lib/libperson_msgs__rosidl_typesupport_fastrtps_cpp.so" to ""
[5.232s] -- Up-to-date: /home/zhang/ros2_ws/install/person_msgs/include/person_msgs
[5.232s] -- Up-to-date: /home/zhang/ros2_ws/install/person_msgs/include/person_msgs/msg
[5.232s] -- Installing: /home/zhang/ros2_ws/install/person_msgs/include/person_msgs/msg/rosidl_typesupport_introspection_c__visibility_control.h
[5.232s] -- Up-to-date: /home/zhang/ros2_ws/install/person_msgs/include/person_msgs/msg/detail
[5.232s] -- Installing: /home/zhang/ros2_ws/install/person_msgs/include/person_msgs/msg/detail/person__type_support.c
[5.232s] -- Installing: /home/zhang/ros2_ws/install/person_msgs/include/person_msgs/msg/detail/person__rosidl_typesupport_introspection_c.h
[5.232s] -- Installing: /home/zhang/ros2_ws/install/person_msgs/lib/libperson_msgs__rosidl_typesupport_introspection_c.so
[5.233s] -- Set runtime path of "/home/zhang/ros2_ws/install/person_msgs/lib/libperson_msgs__rosidl_typesupport_introspection_c.so" to ""
[5.233s] -- Installing: /home/zhang/ros2_ws/install/person_msgs/lib/libperson_msgs__rosidl_typesupport_c.so
[5.233s] -- Set runtime path of "/home/zhang/ros2_ws/install/person_msgs/lib/libperson_msgs__rosidl_typesupport_c.so" to ""
[5.233s] -- Up-to-date: /home/zhang/ros2_ws/install/person_msgs/include/person_msgs
[5.233s] -- Up-to-date: /home/zhang/ros2_ws/install/person_msgs/include/person_msgs/msg
[5.233s] -- Installing: /home/zhang/ros2_ws/install/person_msgs/include/person_msgs/msg/person.hpp
[5.233s] -- Installing: /home/zhang/ros2_ws/install/person_msgs/include/person_msgs/msg/rosidl_generator_cpp__visibility_control.hpp
[5.233s] -- Up-to-date: /home/zhang/ros2_ws/install/person_msgs/include/person_msgs/msg/detail
[5.233s] -- Installing: /home/zhang/ros2_ws/install/person_msgs/include/person_msgs/msg/detail/person__builder.hpp
[5.233s] -- Installing: /home/zhang/ros2_ws/install/person_msgs/include/person_msgs/msg/detail/person__type_support.hpp
[5.233s] -- Installing: /home/zhang/ros2_ws/install/person_msgs/include/person_msgs/msg/detail/person__traits.hpp
[5.233s] -- Installing: /home/zhang/ros2_ws/install/person_msgs/include/person_msgs/msg/detail/person__struct.hpp
[5.233s] -- Up-to-date: /home/zhang/ros2_ws/install/person_msgs/include/person_msgs
[5.233s] -- Up-to-date: /home/zhang/ros2_ws/install/person_msgs/include/person_msgs/msg
[5.233s] -- Up-to-date: /home/zhang/ros2_ws/install/person_msgs/include/person_msgs/msg/detail
[5.233s] -- Installing: /home/zhang/ros2_ws/install/person_msgs/include/person_msgs/msg/detail/person__rosidl_typesupport_introspection_cpp.hpp
[5.233s] -- Installing: /home/zhang/ros2_ws/install/person_msgs/include/person_msgs/msg/detail/person__type_support.cpp
[5.233s] -- Installing: /home/zhang/ros2_ws/install/person_msgs/lib/libperson_msgs__rosidl_typesupport_introspection_cpp.so
[5.233s] -- Set runtime path of "/home/zhang/ros2_ws/install/person_msgs/lib/libperson_msgs__rosidl_typesupport_introspection_cpp.so" to ""
[5.233s] -- Installing: /home/zhang/ros2_ws/install/person_msgs/lib/libperson_msgs__rosidl_typesupport_cpp.so
[5.233s] -- Set runtime path of "/home/zhang/ros2_ws/install/person_msgs/lib/libperson_msgs__rosidl_typesupport_cpp.so" to ""
[5.233s] -- Installing: /home/zhang/ros2_ws/install/person_msgs/share/person_msgs/environment/pythonpath.sh
[5.233s] -- Installing: /home/zhang/ros2_ws/install/person_msgs/share/person_msgs/environment/pythonpath.dsv
[5.233s] -- Installing: /home/zhang/ros2_ws/install/person_msgs/lib/python3.8/site-packages/person_msgs/__init__.py
[5.251s] Compiling '/home/zhang/ros2_ws/install/person_msgs/lib/python3.8/site-packages/person_msgs/__init__.py'...
[5.254s] -- Installing: /home/zhang/ros2_ws/install/person_msgs/lib/python3.8/site-packages/person_msgs/msg
[5.254s] -- Installing: /home/zhang/ros2_ws/install/person_msgs/lib/python3.8/site-packages/person_msgs/msg/_person.py
[5.254s] -- Installing: /home/zhang/ros2_ws/install/person_msgs/lib/python3.8/site-packages/person_msgs/msg/_person_s.c
[5.254s] -- Installing: /home/zhang/ros2_ws/install/person_msgs/lib/python3.8/site-packages/person_msgs/msg/__init__.py
[5.254s] -- Installing: /home/zhang/ros2_ws/install/person_msgs/lib/python3.8/site-packages/person_msgs/person_msgs_s__rosidl_typesupport_fastrtps_c.cpython-38-x86_64-linux-gnu.so
[5.255s] -- Set runtime path of "/home/zhang/ros2_ws/install/person_msgs/lib/python3.8/site-packages/person_msgs/person_msgs_s__rosidl_typesupport_fastrtps_c.cpython-38-x86_64-linux-gnu.so" to ""
[5.255s] -- Installing: /home/zhang/ros2_ws/install/person_msgs/lib/python3.8/site-packages/person_msgs/person_msgs_s__rosidl_typesupport_introspection_c.cpython-38-x86_64-linux-gnu.so
[5.255s] -- Set runtime path of "/home/zhang/ros2_ws/install/person_msgs/lib/python3.8/site-packages/person_msgs/person_msgs_s__rosidl_typesupport_introspection_c.cpython-38-x86_64-linux-gnu.so" to ""
[5.255s] -- Installing: /home/zhang/ros2_ws/install/person_msgs/lib/python3.8/site-packages/person_msgs/person_msgs_s__rosidl_typesupport_c.cpython-38-x86_64-linux-gnu.so
[5.256s] -- Set runtime path of "/home/zhang/ros2_ws/install/person_msgs/lib/python3.8/site-packages/person_msgs/person_msgs_s__rosidl_typesupport_c.cpython-38-x86_64-linux-gnu.so" to ""
[5.256s] -- Installing: /home/zhang/ros2_ws/install/person_msgs/lib/libperson_msgs__python.so
[5.256s] -- Set runtime path of "/home/zhang/ros2_ws/install/person_msgs/lib/libperson_msgs__python.so" to ""
[5.256s] -- Installing: /home/zhang/ros2_ws/install/person_msgs/share/person_msgs/msg/Person.idl
[5.256s] -- Installing: /home/zhang/ros2_ws/install/person_msgs/share/person_msgs/msg/Person.msg
[5.257s] -- Installing: /home/zhang/ros2_ws/install/person_msgs/share/ament_index/resource_index/package_run_dependencies/person_msgs
[5.257s] -- Installing: /home/zhang/ros2_ws/install/person_msgs/share/ament_index/resource_index/parent_prefix_path/person_msgs
[5.257s] -- Installing: /home/zhang/ros2_ws/install/person_msgs/share/person_msgs/environment/ament_prefix_path.sh
[5.257s] -- Installing: /home/zhang/ros2_ws/install/person_msgs/share/person_msgs/environment/ament_prefix_path.dsv
[5.258s] -- Installing: /home/zhang/ros2_ws/install/person_msgs/share/person_msgs/environment/path.sh
[5.258s] -- Installing: /home/zhang/ros2_ws/install/person_msgs/share/person_msgs/environment/path.dsv
[5.258s] -- Installing: /home/zhang/ros2_ws/install/person_msgs/share/person_msgs/local_setup.bash
[5.258s] -- Installing: /home/zhang/ros2_ws/install/person_msgs/share/person_msgs/local_setup.sh
[5.258s] -- Installing: /home/zhang/ros2_ws/install/person_msgs/share/person_msgs/local_setup.zsh
[5.258s] -- Installing: /home/zhang/ros2_ws/install/person_msgs/share/person_msgs/local_setup.dsv
[5.258s] -- Installing: /home/zhang/ros2_ws/install/person_msgs/share/person_msgs/package.dsv
[5.258s] -- Installing: /home/zhang/ros2_ws/install/person_msgs/share/ament_index/resource_index/packages/person_msgs
[5.258s] -- Installing: /home/zhang/ros2_ws/install/person_msgs/share/person_msgs/cmake/person_msgs__rosidl_generator_cExport.cmake
[5.258s] -- Installing: /home/zhang/ros2_ws/install/person_msgs/share/person_msgs/cmake/person_msgs__rosidl_generator_cExport-noconfig.cmake
[5.259s] -- Installing: /home/zhang/ros2_ws/install/person_msgs/share/person_msgs/cmake/person_msgs__rosidl_typesupport_introspection_cExport.cmake
[5.259s] -- Installing: /home/zhang/ros2_ws/install/person_msgs/share/person_msgs/cmake/person_msgs__rosidl_typesupport_introspection_cExport-noconfig.cmake
[5.259s] -- Installing: /home/zhang/ros2_ws/install/person_msgs/share/person_msgs/cmake/person_msgs__rosidl_typesupport_cExport.cmake
[5.259s] -- Installing: /home/zhang/ros2_ws/install/person_msgs/share/person_msgs/cmake/person_msgs__rosidl_typesupport_cExport-noconfig.cmake
[5.259s] -- Installing: /home/zhang/ros2_ws/install/person_msgs/share/person_msgs/cmake/person_msgs__rosidl_generator_cppExport.cmake
[5.259s] -- Installing: /home/zhang/ros2_ws/install/person_msgs/share/person_msgs/cmake/person_msgs__rosidl_typesupport_introspection_cppExport.cmake
[5.259s] -- Installing: /home/zhang/ros2_ws/install/person_msgs/share/person_msgs/cmake/person_msgs__rosidl_typesupport_introspection_cppExport-noconfig.cmake
[5.259s] -- Installing: /home/zhang/ros2_ws/install/person_msgs/share/person_msgs/cmake/person_msgs__rosidl_typesupport_cppExport.cmake
[5.260s] -- Installing: /home/zhang/ros2_ws/install/person_msgs/share/person_msgs/cmake/person_msgs__rosidl_typesupport_cppExport-noconfig.cmake
[5.260s] -- Installing: /home/zhang/ros2_ws/install/person_msgs/share/person_msgs/cmake/rosidl_cmake-extras.cmake
[5.260s] -- Installing: /home/zhang/ros2_ws/install/person_msgs/share/person_msgs/cmake/ament_cmake_export_dependencies-extras.cmake
[5.260s] -- Installing: /home/zhang/ros2_ws/install/person_msgs/share/person_msgs/cmake/ament_cmake_export_libraries-extras.cmake
[5.260s] -- Installing: /home/zhang/ros2_ws/install/person_msgs/share/person_msgs/cmake/ament_cmake_export_targets-extras.cmake
[5.260s] -- Installing: /home/zhang/ros2_ws/install/person_msgs/share/person_msgs/cmake/ament_cmake_export_include_directories-extras.cmake
[5.260s] -- Installing: /home/zhang/ros2_ws/install/person_msgs/share/person_msgs/cmake/rosidl_cmake_export_typesupport_libraries-extras.cmake
[5.260s] -- Installing: /home/zhang/ros2_ws/install/person_msgs/share/person_msgs/cmake/rosidl_cmake_export_typesupport_targets-extras.cmake
[5.260s] -- Installing: /home/zhang/ros2_ws/install/person_msgs/share/person_msgs/cmake/person_msgsConfig.cmake
[5.261s] -- Installing: /home/zhang/ros2_ws/install/person_msgs/share/person_msgs/cmake/person_msgsConfig-version.cmake
[5.261s] -- Installing: /home/zhang/ros2_ws/install/person_msgs/share/person_msgs/package.xml
[5.262s] Invoked command in '/home/zhang/ros2_ws/build/person_msgs' returned '0': CMAKE_PREFIX_PATH=/home/zhang/ros2_ws/install/mypkg:/opt/ros/foxy /usr/bin/cmake --install /home/zhang/ros2_ws/build/person_msgs
